[0.100s] Invoking command in '/home/asd/ros2_ws/build/simple_div': /usr/bin/cmake --build /home/asd/ros2_ws/build/simple_div -- -j4 -l4
[0.406s] -- Found ament_cmake: 2.0.4 (/opt/ros/iron/share/ament_cmake/cmake)
[1.157s] -- Found rclcpp: 21.0.5 (/opt/ros/iron/share/rclcpp/cmake)
[1.466s] -- Found rosidl_generator_c: 4.0.1 (/opt/ros/iron/share/rosidl_generator_c/cmake)
[1.526s] -- Found rosidl_generator_cpp: 4.0.1 (/opt/ros/iron/share/rosidl_generator_cpp/cmake)
[1.623s] -- Using all available rosidl_typesupport_c: rosidl_typesupport_fastrtps_c;rosidl_typesupport_introspection_c
[1.738s] -- Using all available rosidl_typesupport_cpp: rosidl_typesupport_fastrtps_cpp;rosidl_typesupport_introspection_cpp
[3.129s] -- Found rmw_implementation_cmake: 7.1.0 (/opt/ros/iron/share/rmw_implementation_cmake/cmake)
[3.142s] -- Found rmw_fastrtps_cpp: 7.1.3 (/opt/ros/iron/share/rmw_fastrtps_cpp/cmake)
[4.002s] -- Using RMW implementation 'rmw_fastrtps_cpp' as default
[5.515s] -- Found example_interfaces: 0.10.2 (/opt/ros/iron/share/example_interfaces/cmake)
[7.552s] Error parsing '/home/asd/ros2_ws/src/simple_div/package.xml':
[7.792s] Traceback (most recent call last):
[7.792s]   File "/opt/ros/iron/share/ament_cmake_core/cmake/core/package_xml_2_cmake.py", line 150, in <module>
[7.793s]     main()
[7.793s]   File "/opt/ros/iron/share/ament_cmake_core/cmake/core/package_xml_2_cmake.py", line 53, in main
[7.794s]     raise e
[7.794s]   File "/opt/ros/iron/share/ament_cmake_core/cmake/core/package_xml_2_cmake.py", line 49, in main
[7.795s]     package = parse_package_string(
[7.795s]   File "/usr/lib/python3/dist-packages/catkin_pkg/package.py", line 786, in parse_package_string
[7.814s]     raise InvalidPackage('Error(s):%s' % (''.join(['\n- %s' % e for e in errors])), filename)
[7.814s] catkin_pkg.package.InvalidPackage: Error(s) in package '/home/asd/ros2_ws/src/simple_div/package.xml':
[7.814s] Error(s):
[7.814s] - The manifest of package "simple_div" (with format version 2) must not contain the following tags: build_type
[7.857s] [31mCMake Error at /opt/ros/iron/share/ament_cmake_core/cmake/core/ament_package_xml.cmake:95 (message):
[7.857s]   execute_process(/usr/bin/python3.10
[7.858s]   /opt/ros/iron/share/ament_cmake_core/cmake/core/package_xml_2_cmake.py
[7.858s]   /home/asd/ros2_ws/src/simple_div/package.xml
[7.858s]   /home/asd/ros2_ws/build/simple_div/ament_cmake_core/package.cmake) returned
[7.859s]   error code 1
[7.859s] Call Stack (most recent call first):
[7.859s]   /opt/ros/iron/share/ament_cmake_core/cmake/core/ament_package_xml.cmake:49 (_ament_package_xml)
[7.859s]   /opt/ros/iron/share/ament_cmake_core/cmake/core/ament_package.cmake:63 (ament_package_xml)
[7.860s]   CMakeLists.txt:36 (ament_package)
[7.860s] 
[7.860s] [0m
[7.872s] -- Configuring incomplete, errors occurred!
[7.872s] See also "/home/asd/ros2_ws/build/simple_div/CMakeFiles/CMakeOutput.log".
[7.894s] gmake: *** [Makefile:267: cmake_check_build_system] Error 1
[7.900s] Invoked command in '/home/asd/ros2_ws/build/simple_div' returned '2': /usr/bin/cmake --build /home/asd/ros2_ws/build/simple_div -- -j4 -l4
