[0.068s] Invoking command in '/home/asd/ros2_ws/build/float_division': AMENT_PREFIX_PATH=/home/asd/ros2_ws/install/my_package:${AMENT_PREFIX_PATH} CMAKE_PREFIX_PATH=/home/asd/ros2_ws/install/my_package LD_LIBRARY_PATH=/home/asd/ros2_ws/install/my_package/lib:${LD_LIBRARY_PATH} PYTHONPATH=/home/asd/ros2_ws/install/my_package/lib/python3.10/site-packages:${PYTHONPATH} /usr/bin/cmake --build /home/asd/ros2_ws/build/float_division -- -j4 -l4
[0.175s] -- Found ament_cmake: 2.0.4 (/opt/ros/iron/share/ament_cmake/cmake)
[0.681s] -- Found rclcpp: 21.0.5 (/opt/ros/iron/share/rclcpp/cmake)
[0.854s] -- Found rosidl_generator_c: 4.0.1 (/opt/ros/iron/share/rosidl_generator_c/cmake)
[0.903s] -- Found rosidl_generator_cpp: 4.0.1 (/opt/ros/iron/share/rosidl_generator_cpp/cmake)
[0.976s] -- Using all available rosidl_typesupport_c: rosidl_typesupport_fastrtps_c;rosidl_typesupport_introspection_c
[1.074s] -- Using all available rosidl_typesupport_cpp: rosidl_typesupport_fastrtps_cpp;rosidl_typesupport_introspection_cpp
[2.314s] -- Found rmw_implementation_cmake: 7.1.0 (/opt/ros/iron/share/rmw_implementation_cmake/cmake)
[2.320s] -- Found rmw_fastrtps_cpp: 7.1.3 (/opt/ros/iron/share/rmw_fastrtps_cpp/cmake)
[2.951s] -- Using RMW implementation 'rmw_fastrtps_cpp' as default
[4.249s] -- Found my_package: 0.0.0 (/home/asd/ros2_ws/install/my_package/share/my_package/cmake)
[7.344s] Error parsing '/home/asd/ros2_ws/src/float_division/package.xml':
[7.498s] Traceback (most recent call last):
[7.498s]   File "/opt/ros/iron/share/ament_cmake_core/cmake/core/package_xml_2_cmake.py", line 150, in <module>
[7.499s]     main()
[7.499s]   File "/opt/ros/iron/share/ament_cmake_core/cmake/core/package_xml_2_cmake.py", line 53, in main
[7.499s]     raise e
[7.500s]   File "/opt/ros/iron/share/ament_cmake_core/cmake/core/package_xml_2_cmake.py", line 49, in main
[7.500s]     package = parse_package_string(
[7.500s]   File "/usr/lib/python3/dist-packages/catkin_pkg/package.py", line 786, in parse_package_string
[7.501s]     raise InvalidPackage('Error(s):%s' % (''.join(['\n- %s' % e for e in errors])), filename)
[7.501s] catkin_pkg.package.InvalidPackage: Error(s) in package '/home/asd/ros2_ws/src/float_division/package.xml':
[7.501s] Error(s):
[7.502s] - The generic dependency on 'rclcpp' is redundant with: exec_depend
[7.502s] - The generic dependency on 'my_package' is redundant with: exec_depend
[7.542s] [31mCMake Error at /opt/ros/iron/share/ament_cmake_core/cmake/core/ament_package_xml.cmake:95 (message):
[7.542s]   execute_process(/usr/bin/python3.10
[7.543s]   /opt/ros/iron/share/ament_cmake_core/cmake/core/package_xml_2_cmake.py
[7.543s]   /home/asd/ros2_ws/src/float_division/package.xml
[7.543s]   /home/asd/ros2_ws/build/float_division/ament_cmake_core/package.cmake)
[7.543s]   returned error code 1
[7.544s] Call Stack (most recent call first):
[7.544s]   /opt/ros/iron/share/ament_cmake_core/cmake/core/ament_package_xml.cmake:49 (_ament_package_xml)
[7.544s]   /opt/ros/iron/share/ament_cmake_core/cmake/core/ament_package.cmake:63 (ament_package_xml)
[7.545s]   CMakeLists.txt:19 (ament_package)
[7.545s] 
[7.545s] [0m
[7.546s] -- Configuring incomplete, errors occurred!
[7.546s] See also "/home/asd/ros2_ws/build/float_division/CMakeFiles/CMakeOutput.log".
[7.564s] gmake: *** [Makefile:308: cmake_check_build_system] Error 1
[7.572s] Invoked command in '/home/asd/ros2_ws/build/float_division' returned '2': AMENT_PREFIX_PATH=/home/asd/ros2_ws/install/my_package:${AMENT_PREFIX_PATH} CMAKE_PREFIX_PATH=/home/asd/ros2_ws/install/my_package LD_LIBRARY_PATH=/home/asd/ros2_ws/install/my_package/lib:${LD_LIBRARY_PATH} PYTHONPATH=/home/asd/ros2_ws/install/my_package/lib/python3.10/site-packages:${PYTHONPATH} /usr/bin/cmake --build /home/asd/ros2_ws/build/float_division -- -j4 -l4
