[35m[1mConsolidate compiler generated dependencies of target server[0m
[ 50%] [32mBuilding CXX object CMakeFiles/server.dir/src/simple_div.cpp.o[0m
[01m[K/home/asd/ros2_ws/src/simple_div/src/simple_div.cpp:32:23:[m[K [01;31m[Kerror: [m[Kâ€˜[01m[Kstd_msgs[m[Kâ€™ was not declared in this scope
   32 |     rclcpp::Publisher<[01;31m[Kstd_msgs[m[K::msg::Float64>::SharedPtr publisher_;
      |                       [01;31m[K^~~~~~~~[m[K
[01m[K/home/asd/ros2_ws/src/simple_div/src/simple_div.cpp:32:45:[m[K [01;31m[Kerror: [m[Ktemplate argument 1 is invalid
   32 |     rclcpp::Publisher<std_msgs::msg::Float64[01;31m[K>[m[K::SharedPtr publisher_;
      |                                             [01;31m[K^[m[K
[01m[K/home/asd/ros2_ws/src/simple_div/src/simple_div.cpp:32:48:[m[K [01;31m[Kerror: [m[Kexpected â€˜[01m[K;[m[Kâ€™ at end of member declaration
   32 |     rclcpp::Publisher<std_msgs::msg::Float64>::[01;31m[KSharedPtr[m[K publisher_;
      |                                                [01;31m[K^~~~~~~~~[m[K
      |                                                         [32m[K;[m[K
[01m[K/home/asd/ros2_ws/src/simple_div/src/simple_div.cpp:32:58:[m[K [01;31m[Kerror: [m[Kâ€˜[01m[Kpublisher_[m[Kâ€™ does not name a type; did you mean â€˜[01m[Krmw_publisher_t[m[Kâ€™?
   32 |     rclcpp::Publisher<std_msgs::msg::Float64>::SharedPtr [01;31m[Kpublisher_[m[K;
      |                                                          [01;31m[K^~~~~~~~~~[m[K
      |                                                          [32m[Krmw_publisher_t[m[K
[01m[K/home/asd/ros2_ws/src/simple_div/src/simple_div.cpp:[m[K In constructor â€˜[01m[KSimpleDiv::SimpleDiv()[m[Kâ€™:
[01m[K/home/asd/ros2_ws/src/simple_div/src/simple_div.cpp:11:9:[m[K [01;31m[Kerror: [m[Kâ€˜[01m[Kpublisher_[m[Kâ€™ was not declared in this scope; did you mean â€˜[01m[Krmw_publisher_t[m[Kâ€™?
   11 |         [01;31m[Kpublisher_[m[K = this->create_publisher<std_msgs::msg::Float64>("division_result", 10);
      |         [01;31m[K^~~~~~~~~~[m[K
      |         [32m[Krmw_publisher_t[m[K
[01m[K/home/asd/ros2_ws/src/simple_div/src/simple_div.cpp:11:45:[m[K [01;31m[Kerror: [m[Kâ€˜[01m[Kstd_msgs[m[Kâ€™ was not declared in this scope
   11 |         publisher_ = this->create_publisher<[01;31m[Kstd_msgs[m[K::msg::Float64>("division_result", 10);
      |                                             [01;31m[K^~~~~~~~[m[K
[01m[K/home/asd/ros2_ws/src/simple_div/src/simple_div.cpp:11:28:[m[K [01;31m[Kerror: [m[Kparse error in template argument list
   11 |         publisher_ = this->[01;31m[Kcreate_publisher<std_msgs::msg::Float64>[m[K("division_result", 10);
      |                            [01;31m[K^~~~~~~~~~~~~~~~~~~~~~~~~~~~~~~~~~~~~~~~[m[K
[01m[K/home/asd/ros2_ws/src/simple_div/src/simple_div.cpp:11:68:[m[K [01;31m[Kerror: [m[Kno matching function for call to â€˜[01m[KSimpleDiv::create_publisher<<expression error> >(const char [16], int)[m[Kâ€™
   11 |  publisher_ = [01;31m[Kthis->create_publisher<std_msgs::msg::Float64>("division_result", 10)[m[K;
      |               [01;31m[K~~~~~~~~~~~~~~~~~~~~~~~~~~~~~~~~~~~~~~~~~~~~~~^~~~~~~~~~~~~~~~~~~~~~~[m[K

In file included from [01m[K/opt/ros/iron/include/rclcpp/rclcpp/executors/single_threaded_executor.hpp:28[m[K,
                 from [01m[K/opt/ros/iron/include/rclcpp/rclcpp/executors.hpp:22[m[K,
                 from [01m[K/opt/ros/iron/include/rclcpp/rclcpp/rclcpp.hpp:167[m[K,
                 from [01m[K/home/asd/ros2_ws/src/simple_div/src/simple_div.cpp:1[m[K:
[01m[K/opt/ros/iron/include/rclcpp/rclcpp/node.hpp:196:3:[m[K [01;36m[Knote: [m[Kcandidate: â€˜[01m[Ktemplate<class MessageT, class AllocatorT, class PublisherT> std::shared_ptr<PublisherT> rclcpp::Node::create_publisher(const string&, const rclcpp::QoS&, const rclcpp::PublisherOptionsWithAllocator<AllocatorT>&)[m[Kâ€™
  196 |   [01;36m[Kcreate_publisher[m[K(
      |   [01;36m[K^~~~~~~~~~~~~~~~[m[K
[01m[K/opt/ros/iron/include/rclcpp/rclcpp/node.hpp:196:3:[m[K [01;36m[Knote: [m[K  template argument deduction/substitution failed:
[01m[K/home/asd/ros2_ws/src/simple_div/src/simple_div.cpp:11:68:[m[K [01;31m[Kerror: [m[Ktemplate argument 1 is invalid
   11 |  publisher_ = [01;31m[Kthis->create_publisher<std_msgs::msg::Float64>("division_result", 10)[m[K;
      |               [01;31m[K~~~~~~~~~~~~~~~~~~~~~~~~~~~~~~~~~~~~~~~~~~~~~~^~~~~~~~~~~~~~~~~~~~~~~[m[K

[01m[K/home/asd/ros2_ws/src/simple_div/src/simple_div.cpp:[m[K In member function â€˜[01m[Kvoid SimpleDiv::div_callback(my_package::msg::TwoFloats_<std::allocator<void> >::SharedPtr) const[m[Kâ€™:
[01m[K/home/asd/ros2_ws/src/simple_div/src/simple_div.cpp:17:9:[m[K [01;31m[Kerror: [m[Kâ€˜[01m[Kstd_msgs[m[Kâ€™ has not been declared
   17 |         [01;31m[Kstd_msgs[m[K::msg::Float64 result_msg;
      |         [01;31m[K^~~~~~~~[m[K
[01m[K/home/asd/ros2_ws/src/simple_div/src/simple_div.cpp:20:13:[m[K [01;31m[Kerror: [m[Kâ€˜[01m[Kresult_msg[m[Kâ€™ was not declared in this scope
   20 |             [01;31m[Kresult_msg[m[K.data = msg->first_number / msg->second_number;
      |             [01;31m[K^~~~~~~~~~[m[K
[01m[K/home/asd/ros2_ws/src/simple_div/src/simple_div.cpp:26:13:[m[K [01;31m[Kerror: [m[Kâ€˜[01m[Kresult_msg[m[Kâ€™ was not declared in this scope
   26 |             [01;31m[Kresult_msg[m[K.data = std::numeric_limits<double>::quiet_NaN(); // If division by zero, set result to NaN
      |             [01;31m[K^~~~~~~~~~[m[K
[01m[K/home/asd/ros2_ws/src/simple_div/src/simple_div.cpp:28:9:[m[K [01;31m[Kerror: [m[Kâ€˜[01m[Kpublisher_[m[Kâ€™ was not declared in this scope; did you mean â€˜[01m[Krmw_publisher_t[m[Kâ€™?
   28 |         [01;31m[Kpublisher_[m[K->publish(result_msg);
      |         [01;31m[K^~~~~~~~~~[m[K
      |         [32m[Krmw_publisher_t[m[K
[01m[K/home/asd/ros2_ws/src/simple_div/src/simple_div.cpp:28:29:[m[K [01;31m[Kerror: [m[Kâ€˜[01m[Kresult_msg[m[Kâ€™ was not declared in this scope
   28 |         publisher_->publish([01;31m[Kresult_msg[m[K);
      |                             [01;31m[K^~~~~~~~~~[m[K
gmake[2]: *** [CMakeFiles/server.dir/build.make:76: CMakeFiles/server.dir/src/simple_div.cpp.o] Error 1
gmake[1]: *** [CMakeFiles/Makefile2:137: CMakeFiles/server.dir/all] Error 2
gmake: *** [Makefile:146: all] Error 2
