[0.034s] Invoking command in '/home/asd/ros2_ws/build/simple_div': /usr/bin/cmake --build /home/asd/ros2_ws/build/simple_div -- -j4 -l4
[0.165s] -- Found ament_cmake: 2.0.4 (/opt/ros/iron/share/ament_cmake/cmake)
[0.656s] -- Found rclcpp: 21.0.5 (/opt/ros/iron/share/rclcpp/cmake)
[0.795s] -- Found rosidl_generator_c: 4.0.1 (/opt/ros/iron/share/rosidl_generator_c/cmake)
[0.842s] -- Found rosidl_generator_cpp: 4.0.1 (/opt/ros/iron/share/rosidl_generator_cpp/cmake)
[0.909s] -- Using all available rosidl_typesupport_c: rosidl_typesupport_fastrtps_c;rosidl_typesupport_introspection_c
[0.998s] -- Using all available rosidl_typesupport_cpp: rosidl_typesupport_fastrtps_cpp;rosidl_typesupport_introspection_cpp
[2.131s] -- Found rmw_implementation_cmake: 7.1.0 (/opt/ros/iron/share/rmw_implementation_cmake/cmake)
[2.137s] -- Found rmw_fastrtps_cpp: 7.1.3 (/opt/ros/iron/share/rmw_fastrtps_cpp/cmake)
[2.693s] -- Using RMW implementation 'rmw_fastrtps_cpp' as default
[4.006s] -- Found example_interfaces: 0.10.2 (/opt/ros/iron/share/example_interfaces/cmake)
[5.739s] Error parsing '/home/asd/ros2_ws/src/simple_div/package.xml':
[5.890s] Traceback (most recent call last):
[5.890s]   File "/opt/ros/iron/share/ament_cmake_core/cmake/core/package_xml_2_cmake.py", line 150, in <module>
[5.890s]     main()
[5.891s]   File "/opt/ros/iron/share/ament_cmake_core/cmake/core/package_xml_2_cmake.py", line 53, in main
[5.891s]     raise e
[5.891s]   File "/opt/ros/iron/share/ament_cmake_core/cmake/core/package_xml_2_cmake.py", line 49, in main
[5.891s]     package = parse_package_string(
[5.892s]   File "/usr/lib/python3/dist-packages/catkin_pkg/package.py", line 786, in parse_package_string
[5.892s]     raise InvalidPackage('Error(s):%s' % (''.join(['\n- %s' % e for e in errors])), filename)
[5.893s] catkin_pkg.package.InvalidPackage: Error(s) in package '/home/asd/ros2_ws/src/simple_div/package.xml':
[5.893s] Error(s):
[5.893s] - The manifest of package "simple_div" (with format version 2) must not contain the following tags: build_type
[5.933s] [31mCMake Error at /opt/ros/iron/share/ament_cmake_core/cmake/core/ament_package_xml.cmake:95 (message):
[5.934s]   execute_process(/usr/bin/python3.10
[5.934s]   /opt/ros/iron/share/ament_cmake_core/cmake/core/package_xml_2_cmake.py
[5.934s]   /home/asd/ros2_ws/src/simple_div/package.xml
[5.934s]   /home/asd/ros2_ws/build/simple_div/ament_cmake_core/package.cmake) returned
[5.935s]   error code 1
[5.935s] Call Stack (most recent call first):
[5.935s]   /opt/ros/iron/share/ament_cmake_core/cmake/core/ament_package_xml.cmake:49 (_ament_package_xml)
[5.935s]   /opt/ros/iron/share/ament_cmake_core/cmake/core/ament_package.cmake:63 (ament_package_xml)
[5.936s]   CMakeLists.txt:32 (ament_package)
[5.936s] 
[5.937s] [0m
[5.937s] -- Configuring incomplete, errors occurred!
[5.937s] See also "/home/asd/ros2_ws/build/simple_div/CMakeFiles/CMakeOutput.log".
[5.957s] gmake: *** [Makefile:267: cmake_check_build_system] Error 1
[5.960s] Invoked command in '/home/asd/ros2_ws/build/simple_div' returned '2': /usr/bin/cmake --build /home/asd/ros2_ws/build/simple_div -- -j4 -l4
