[01m[K/home/asd/ros2_ws/src/simple_div/src/simple_div.cpp:33:51:[m[K [01;31m[Kerror: [m[Kâ€˜[01m[KString[m[Kâ€™ in namespace â€˜[01m[Kstd_msgs::msg[m[Kâ€™ does not name a type
   33 |     void div_callback_string(const std_msgs::msg::[01;31m[KString[m[K::SharedPtr msg) const
      |                                                   [01;31m[K^~~~~~[m[K
[01m[K/home/asd/ros2_ws/src/simple_div/src/simple_div.cpp:33:69:[m[K [01;31m[Kerror: [m[Kexpected unqualified-id before â€˜[01m[Kmsg[m[Kâ€™
   33 | d div_callback_string(const std_msgs::msg::String::SharedPtr [01;31m[Kmsg[m[K) const
      |                                                              [01;31m[K^~~[m[K

[01m[K/home/asd/ros2_ws/src/simple_div/src/simple_div.cpp:33:68:[m[K [01;31m[Kerror: [m[Kexpected â€˜[01m[K)[m[Kâ€™ before â€˜[01m[Kmsg[m[Kâ€™
   33 | d div_callback_string[34m[K([m[Kconst std_msgs::msg::String::SharedPtr[01;31m[K [m[K[32m[Kmsg[m[K) const
      |                      [34m[K~[m[K                                      [01;31m[K^[m[K[32m[K~~~[m[K
      |                                                             [32m[K)[m[K
[01m[K/home/asd/ros2_ws/src/simple_div/src/simple_div.cpp:33:59:[m[K [01;31m[Kerror: [m[Kexpected â€˜[01m[K;[m[Kâ€™ at end of member declaration
   33 |     void div_callback_string(const std_msgs::msg::String::[01;31m[KSharedPtr[m[K msg) const
      |                                                           [01;31m[K^~~~~~~~~[m[K
      |                                                                    [32m[K;[m[K
[01m[K/home/asd/ros2_ws/src/simple_div/src/simple_div.cpp:33:69:[m[K [01;31m[Kerror: [m[Kâ€˜[01m[Kmsg[m[Kâ€™ does not name a type
   33 | d div_callback_string(const std_msgs::msg::String::SharedPtr [01;31m[Kmsg[m[K) const
      |                                                              [01;31m[K^~~[m[K

[01m[K/home/asd/ros2_ws/src/simple_div/src/simple_div.cpp:39:41:[m[K [01;31m[Kerror: [m[Kâ€˜[01m[KString[m[Kâ€™ is not a member of â€˜[01m[Kstd_msgs::msg[m[Kâ€™
   39 |     rclcpp::Subscription<std_msgs::msg::[01;31m[KString[m[K>::SharedPtr subscription_string_;
      |                                         [01;31m[K^~~~~~[m[K
[01m[K/home/asd/ros2_ws/src/simple_div/src/simple_div.cpp:39:47:[m[K [01;31m[Kerror: [m[Ktemplate argument 1 is invalid
   39 |     rclcpp::Subscription<std_msgs::msg::String[01;31m[K>[m[K::SharedPtr subscription_string_;
      |                                               [01;31m[K^[m[K
[01m[K/home/asd/ros2_ws/src/simple_div/src/simple_div.cpp:39:47:[m[K [01;31m[Kerror: [m[Ktemplate argument 3 is invalid
[01m[K/home/asd/ros2_ws/src/simple_div/src/simple_div.cpp:39:47:[m[K [01;31m[Kerror: [m[Ktemplate argument 4 is invalid
[01m[K/home/asd/ros2_ws/src/simple_div/src/simple_div.cpp:39:47:[m[K [01;31m[Kerror: [m[Ktemplate argument 5 is invalid
[01m[K/home/asd/ros2_ws/src/simple_div/src/simple_div.cpp:39:50:[m[K [01;31m[Kerror: [m[Kexpected â€˜[01m[K;[m[Kâ€™ at end of member declaration
   39 |     rclcpp::Subscription<std_msgs::msg::String>::[01;31m[KSharedPtr[m[K subscription_string_;
      |                                                  [01;31m[K^~~~~~~~~[m[K
      |                                                           [32m[K;[m[K
[01m[K/home/asd/ros2_ws/src/simple_div/src/simple_div.cpp:39:60:[m[K [01;31m[Kerror: [m[Kâ€˜[01m[Ksubscription_string_[m[Kâ€™ does not name a type
   39 |     rclcpp::Subscription<std_msgs::msg::String>::SharedPtr [01;31m[Ksubscription_string_[m[K;
      |                                                            [01;31m[K^~~~~~~~~~~~~~~~~~~~[m[K
[01m[K/home/asd/ros2_ws/src/simple_div/src/simple_div.cpp:[m[K In constructor â€˜[01m[KSimpleDiv::SimpleDiv()[m[Kâ€™:
[01m[K/home/asd/ros2_ws/src/simple_div/src/simple_div.cpp:12:9:[m[K [01;31m[Kerror: [m[Kâ€˜[01m[Ksubscription_string_[m[Kâ€™ was not declared in this scope; did you mean â€˜[01m[Ksubscription_[m[Kâ€™?
   12 |         [01;31m[Ksubscription_string_[m[K = this->create_subscription<std_msgs::msg::String>(
      |         [01;31m[K^~~~~~~~~~~~~~~~~~~~[m[K
      |         [32m[Ksubscription_[m[K
[01m[K/home/asd/ros2_ws/src/simple_div/src/simple_div.cpp:12:73:[m[K [01;31m[Kerror: [m[Kâ€˜[01m[KString[m[Kâ€™ is not a member of â€˜[01m[Kstd_msgs::msg[m[Kâ€™
   12 | ubscription_string_ = this->create_subscription<std_msgs::msg::[01;31m[KString[m[K>(
      |                                                                [01;31m[K^~~~~~[m[K

[01m[K/home/asd/ros2_ws/src/simple_div/src/simple_div.cpp:12:80:[m[K [01;31m[Kerror: [m[Kno matching function for call to â€˜[01m[KSimpleDiv::create_subscription<<expression error> >(const char [14], int, std::_Bind_helper<false, void (SimpleDiv::*)(...), SimpleDiv*, const std::_Placeholder<1>&>::type)[m[Kâ€™
   12 | ubscription_string_ = [01;31m[Kthis->create_subscription<std_msgs::msg::String>([m[K
      |                       [01;31m[K~~~~~~~~~~~~~~~~~~~~~~~~~~~~~~~~~~~~~~~~~~~~~~~~^[m[K

   13 | [01;31m[K   "input_numbers", 10, std::bind(&SimpleDiv::div_callback_string, this, std::placeholders::_1))[m[K;
      |    [01;31m[K~~~~~~~~~~~~~~~~~~~~~~~~~~~~~~~~~~~~~~~~~~~~~~~~~~~~~~~~~~~~~~~~~~~~~~~~~~~~~~~~~~~~~~~~~~~~~[m[K

In file included from [01m[K/opt/ros/iron/include/rclcpp/rclcpp/node.hpp:1611[m[K,
                 from [01m[K/opt/ros/iron/include/rclcpp/rclcpp/executors/single_threaded_executor.hpp:28[m[K,
                 from [01m[K/opt/ros/iron/include/rclcpp/rclcpp/executors.hpp:22[m[K,
                 from [01m[K/opt/ros/iron/include/rclcpp/rclcpp/rclcpp.hpp:167[m[K,
                 from [01m[K/home/asd/ros2_ws/src/simple_div/src/simple_div.cpp:1[m[K:
[01m[K/opt/ros/iron/include/rclcpp/rclcpp/node_impl.hpp:92:1:[m[K [01;36m[Knote: [m[Kcandidate: â€˜[01m[Ktemplate<class MessageT, class CallbackT, class AllocatorT, class SubscriptionT, class MessageMemoryStrategyT> std::shared_ptr<ROSMessageT> rclcpp::Node::create_subscription(const string&, const rclcpp::QoS&, CallbackT&&, const rclcpp::SubscriptionOptionsWithAllocator<AllocatorT>&, typename MessageMemoryStrategyT::SharedPtr)[m[Kâ€™
   92 | [01;36m[KNode[m[K::create_subscription(
      | [01;36m[K^~~~[m[K
[01m[K/opt/ros/iron/include/rclcpp/rclcpp/node_impl.hpp:92:1:[m[K [01;36m[Knote: [m[K  template argument deduction/substitution failed:
[01m[K/home/asd/ros2_ws/src/simple_div/src/simple_div.cpp:12:80:[m[K [01;31m[Kerror: [m[Ktemplate argument 1 is invalid
   12 | ubscription_string_ = [01;31m[Kthis->create_subscription<std_msgs::msg::String>([m[K
      |                       [01;31m[K~~~~~~~~~~~~~~~~~~~~~~~~~~~~~~~~~~~~~~~~~~~~~~~~^[m[K

   13 | [01;31m[K   "input_numbers", 10, std::bind(&SimpleDiv::div_callback_string, this, std::placeholders::_1))[m[K;
      |    [01;31m[K~~~~~~~~~~~~~~~~~~~~~~~~~~~~~~~~~~~~~~~~~~~~~~~~~~~~~~~~~~~~~~~~~~~~~~~~~~~~~~~~~~~~~~~~~~~~~[m[K

gmake[2]: *** [CMakeFiles/server.dir/build.make:76: CMakeFiles/server.dir/src/simple_div.cpp.o] Error 1
gmake[1]: *** [CMakeFiles/Makefile2:137: CMakeFiles/server.dir/all] Error 2
gmake: *** [Makefile:146: all] Error 2
