[0.066s] Invoking command in '/home/asd/ros2_ws/build/fl_div': AMENT_PREFIX_PATH=/home/asd/ros2_ws/install/my_package:${AMENT_PREFIX_PATH} CMAKE_PREFIX_PATH=/home/asd/ros2_ws/install/my_package:/opt/ros/iron LD_LIBRARY_PATH=/home/asd/ros2_ws/install/my_package/lib:${LD_LIBRARY_PATH} PYTHONPATH=/home/asd/ros2_ws/install/my_package/lib/python3.10/site-packages:${PYTHONPATH} /usr/bin/cmake --build /home/asd/ros2_ws/build/fl_div -- -j4 -l4
[0.229s] [35m[1mConsolidate compiler generated dependencies of target server[0m
[0.294s] [ 50%] Built target client
[0.309s] [ 75%] [32mBuilding CXX object CMakeFiles/server.dir/src/fl_div_server.cpp.o[0m
[10.321s] [01m[K/home/asd/ros2_ws/src/fl_div/src/fl_div_server.cpp:[m[K In function â€˜[01m[Kvoid add(std::shared_ptr<my_package::srv::AddTwoInts2_Request_<std::allocator<void> > >, std::shared_ptr<my_package::srv::AddTwoInts2_Response_<std::allocator<void> > >)[m[Kâ€™:
[10.321s] [01m[K/home/asd/ros2_ws/src/fl_div/src/fl_div_server.cpp:20:22:[m[K [01;31m[Kerror: [m[Kâ€˜[01m[Knode[m[Kâ€™ was not declared in this scope
[10.322s]    20 |     auto publisher = [01;31m[Knode[m[K->create_publisher<std_msgs::msg::Float64>("division_result", 10);
[10.322s]       |                      [01;31m[K^~~~[m[K
[10.322s] [01m[K/home/asd/ros2_ws/src/fl_div/src/fl_div_server.cpp:20:67:[m[K [01;31m[Kerror: [m[Kexpected primary-expression before â€˜[01m[K>[m[Kâ€™ token
[10.323s]    20 | to publisher = node->create_publisher<std_msgs::msg::Float64[01;31m[K>[m[K("division_result", 10);
[10.323s]       |                                                             [01;31m[K^[m[K
[10.323s] 
[13.784s] gmake[2]: *** [CMakeFiles/server.dir/build.make:76: CMakeFiles/server.dir/src/fl_div_server.cpp.o] Error 1
[13.784s] gmake[1]: *** [CMakeFiles/Makefile2:139: CMakeFiles/server.dir/all] Error 2
[13.785s] gmake: *** [Makefile:146: all] Error 2
[13.786s] Invoked command in '/home/asd/ros2_ws/build/fl_div' returned '2': AMENT_PREFIX_PATH=/home/asd/ros2_ws/install/my_package:${AMENT_PREFIX_PATH} CMAKE_PREFIX_PATH=/home/asd/ros2_ws/install/my_package:/opt/ros/iron LD_LIBRARY_PATH=/home/asd/ros2_ws/install/my_package/lib:${LD_LIBRARY_PATH} PYTHONPATH=/home/asd/ros2_ws/install/my_package/lib/python3.10/site-packages:${PYTHONPATH} /usr/bin/cmake --build /home/asd/ros2_ws/build/fl_div -- -j4 -l4
