In file included from [01m[K/home/asd/ros2_ws/src/cpp_srvcli/src/add_two_ints_server.cpp:2[m[K:
[01m[K/opt/ros/iron/include/example_interfaces/example_interfaces/srv/add_two_ints.hpp:1:1:[m[K [01;31m[Kerror: [m[Kâ€˜[01m[Kfloat64[m[Kâ€™ does not name a type; did you mean â€˜[01m[Kfloat_t[m[Kâ€™?
    1 | [01;31m[Kfloat64[m[K a
      | [01;31m[K^~~~~~~[m[K
      | [32m[Kfloat_t[m[K
[01m[K/home/asd/ros2_ws/src/cpp_srvcli/src/add_two_ints_server.cpp:[m[K In function â€˜[01m[Kint main(int, char**)[m[Kâ€™:
[01m[K/home/asd/ros2_ws/src/cpp_srvcli/src/add_two_ints_server.cpp:24:21:[m[K [01;31m[Kerror: [m[Kâ€˜[01m[Kexample_interfaces[m[Kâ€™ was not declared in this scope; did you mean â€˜[01m[Krcl_interfaces[m[Kâ€™?
   24 |     rclcpp::Service<[01;31m[Kexample_interfaces[m[K::srv::AddTwoInts>::SharedPtr service =
      |                     [01;31m[K^~~~~~~~~~~~~~~~~~[m[K
      |                     [32m[Krcl_interfaces[m[K
[01m[K/home/asd/ros2_ws/src/cpp_srvcli/src/add_two_ints_server.cpp:24:56:[m[K [01;31m[Kerror: [m[Ktemplate argument 1 is invalid
   24 |     rclcpp::Service<example_interfaces::srv::AddTwoInts[01;31m[K>[m[K::SharedPtr service =
      |                                                        [01;31m[K^[m[K
[01m[K/home/asd/ros2_ws/src/cpp_srvcli/src/add_two_ints_server.cpp:24:69:[m[K [01;31m[Kerror: [m[Kqualified-id in declaration before â€˜[01m[Kservice[m[Kâ€™
   24 | lcpp::Service<example_interfaces::srv::AddTwoInts>::SharedPtr [01;31m[Kservice[m[K =
      |                                                               [01;31m[K^~~~~~~[m[K

In file included from [01m[K/home/asd/ros2_ws/src/cpp_srvcli/src/add_two_ints_client.cpp:2[m[K:
[01m[K/opt/ros/iron/include/example_interfaces/example_interfaces/srv/add_two_ints.hpp:1:1:[m[K [01;31m[Kerror: [m[Kâ€˜[01m[Kfloat64[m[Kâ€™ does not name a type; did you mean â€˜[01m[Kfloat_t[m[Kâ€™?
    1 | [01;31m[Kfloat64[m[K a
      | [01;31m[K^~~~~~~[m[K
      | [32m[Kfloat_t[m[K
[01m[K/home/asd/ros2_ws/src/cpp_srvcli/src/add_two_ints_client.cpp:[m[K In function â€˜[01m[Kint main(int, char**)[m[Kâ€™:
[01m[K/home/asd/ros2_ws/src/cpp_srvcli/src/add_two_ints_client.cpp:54:20:[m[K [01;31m[Kerror: [m[Kâ€˜[01m[Kexample_interfaces[m[Kâ€™ was not declared in this scope; did you mean â€˜[01m[Krcl_interfaces[m[Kâ€™?
   54 |     rclcpp::Client<[01;31m[Kexample_interfaces[m[K::srv::AddTwoInts>::SharedPtr client =
      |                    [01;31m[K^~~~~~~~~~~~~~~~~~[m[K
      |                    [32m[Krcl_interfaces[m[K
[01m[K/home/asd/ros2_ws/src/cpp_srvcli/src/add_two_ints_client.cpp:54:55:[m[K [01;31m[Kerror: [m[Ktemplate argument 1 is invalid
   54 |     rclcpp::Client<example_interfaces::srv::AddTwoInts[01;31m[K>[m[K::SharedPtr client =
      |                                                       [01;31m[K^[m[K
[01m[K/home/asd/ros2_ws/src/cpp_srvcli/src/add_two_ints_client.cpp:54:68:[m[K [01;31m[Kerror: [m[Kqualified-id in declaration before â€˜[01m[Kclient[m[Kâ€™
   54 |     rclcpp::Client<example_interfaces::srv::AddTwoInts>::SharedPtr [01;31m[Kclient[m[K =
      |                                                                    [01;31m[K^~~~~~[m[K
[01m[K/home/asd/ros2_ws/src/cpp_srvcli/src/add_two_ints_client.cpp:57:25:[m[K [01;31m[Kerror: [m[Kparse error in template argument list
   57 |     auto request = std::[01;31m[Kmake_shared<example_interfaces::srv::AddTwoInts::Request>[m[K();
      |                         [01;31m[K^~~~~~~~~~~~~~~~~~~~~~~~~~~~~~~~~~~~~~~~~~~~~~~~~~~~~~~~~[m[K
[01m[K/home/asd/ros2_ws/src/cpp_srvcli/src/add_two_ints_client.cpp:57:82:[m[K [01;31m[Kerror: [m[Kno matching function for call to â€˜[01m[Kmake_shared<example_interfaces>()[m[Kâ€™
   57 |     auto request = [01;31m[Kstd::make_shared<example_interfaces::srv::AddTwoInts::Request>()[m[K;
      |                    [01;31m[K~~~~~~~~~~~~~~~~~~~~~~~~~~~~~~~~~~~~~~~~~~~~~~~~~~~~~~~~~~~~~~^~[m[K
In file included from [01m[K/usr/include/c++/11/memory:77[m[K,
                 from [01m[K/opt/ros/iron/include/rclcpp/rclcpp/rclcpp.hpp:165[m[K,
                 from [01m[K/home/asd/ros2_ws/src/cpp_srvcli/src/add_two_ints_client.cpp:1[m[K:
[01m[K/usr/include/c++/11/bits/shared_ptr.h:875:5:[m[K [01;36m[Knote: [m[Kcandidate: â€˜[01m[Ktemplate<class _Tp, class ... _Args> std::shared_ptr<_Tp> std::make_shared(_Args&& ...)[m[Kâ€™
  875 |     [01;36m[Kmake_shared[m[K(_Args&&... __args)
      |     [01;36m[K^~~~~~~~~~~[m[K
[01m[K/usr/include/c++/11/bits/shared_ptr.h:875:5:[m[K [01;36m[Knote: [m[K  template argument deduction/substitution failed:
[01m[K/home/asd/ros2_ws/src/cpp_srvcli/src/add_two_ints_client.cpp:65:13:[m[K [01;31m[Kerror: [m[Kâ€˜[01m[Kclient[m[Kâ€™ was not declared in this scope
   65 |     while (![01;31m[Kclient[m[K->wait_for_service(1s)) {
      |             [01;31m[K^~~~~~[m[K
[01m[K/home/asd/ros2_ws/src/cpp_srvcli/src/add_two_ints_client.cpp:65:38:[m[K [01;31m[Kerror: [m[Kunable to find numeric literal operator â€˜[01m[Koperator""s[m[Kâ€™
   65 |     while (!client->wait_for_service([01;31m[K1s[m[K)) {
      |                                      [01;31m[K^~[m[K
[01m[K/home/asd/ros2_ws/src/cpp_srvcli/src/add_two_ints_client.cpp:73:19:[m[K [01;31m[Kerror: [m[Kâ€˜[01m[Kclient[m[Kâ€™ was not declared in this scope
   73 |     auto result = [01;31m[Kclient[m[K->async_send_request(request);
      |                   [01;31m[K^~~~~~[m[K
gmake[2]: *** [CMakeFiles/server.dir/build.make:76: CMakeFiles/server.dir/src/add_two_ints_server.cpp.o] Error 1
gmake[1]: *** [CMakeFiles/Makefile2:139: CMakeFiles/server.dir/all] Error 2
gmake[1]: *** Waiting for unfinished jobs....
gmake[2]: *** [CMakeFiles/client.dir/build.make:76: CMakeFiles/client.dir/src/add_two_ints_client.cpp.o] Error 1
gmake[1]: *** [CMakeFiles/Makefile2:165: CMakeFiles/client.dir/all] Error 2
gmake: *** [Makefile:146: all] Error 2
