[0.059s] Invoking command in '/home/asd/ros2_ws/build/div': AMENT_PREFIX_PATH=/home/asd/ros2_ws/install/my_package:${AMENT_PREFIX_PATH} CMAKE_PREFIX_PATH=/home/asd/ros2_ws/install/my_package:/opt/ros/iron LD_LIBRARY_PATH=/home/asd/ros2_ws/install/my_package/lib:${LD_LIBRARY_PATH} PYTHONPATH=/home/asd/ros2_ws/install/my_package/lib/python3.10/site-packages:${PYTHONPATH} /usr/bin/cmake /home/asd/ros2_ws/src/div -DCMAKE_INSTALL_PREFIX=/home/asd/ros2_ws/install/div
[0.106s] -- Found ament_cmake: 2.0.4 (/opt/ros/iron/share/ament_cmake/cmake)
[0.630s] -- Found rclcpp: 21.0.5 (/opt/ros/iron/share/rclcpp/cmake)
[0.778s] -- Found rosidl_generator_c: 4.0.1 (/opt/ros/iron/share/rosidl_generator_c/cmake)
[0.825s] -- Found rosidl_generator_cpp: 4.0.1 (/opt/ros/iron/share/rosidl_generator_cpp/cmake)
[0.896s] -- Using all available rosidl_typesupport_c: rosidl_typesupport_fastrtps_c;rosidl_typesupport_introspection_c
[0.984s] -- Using all available rosidl_typesupport_cpp: rosidl_typesupport_fastrtps_cpp;rosidl_typesupport_introspection_cpp
[2.145s] -- Found rmw_implementation_cmake: 7.1.0 (/opt/ros/iron/share/rmw_implementation_cmake/cmake)
[2.150s] -- Found rmw_fastrtps_cpp: 7.1.3 (/opt/ros/iron/share/rmw_fastrtps_cpp/cmake)
[2.728s] -- Using RMW implementation 'rmw_fastrtps_cpp' as default
[3.994s] -- Found my_package: 0.0.0 (/home/asd/ros2_ws/install/my_package/share/my_package/cmake)
[4.330s] -- Configuring done
[4.383s] -- Generating done
[4.391s] -- Build files have been written to: /home/asd/ros2_ws/build/div
[4.414s] Invoked command in '/home/asd/ros2_ws/build/div' returned '0': AMENT_PREFIX_PATH=/home/asd/ros2_ws/install/my_package:${AMENT_PREFIX_PATH} CMAKE_PREFIX_PATH=/home/asd/ros2_ws/install/my_package:/opt/ros/iron LD_LIBRARY_PATH=/home/asd/ros2_ws/install/my_package/lib:${LD_LIBRARY_PATH} PYTHONPATH=/home/asd/ros2_ws/install/my_package/lib/python3.10/site-packages:${PYTHONPATH} /usr/bin/cmake /home/asd/ros2_ws/src/div -DCMAKE_INSTALL_PREFIX=/home/asd/ros2_ws/install/div
[4.420s] Invoking command in '/home/asd/ros2_ws/build/div': AMENT_PREFIX_PATH=/home/asd/ros2_ws/install/my_package:${AMENT_PREFIX_PATH} CMAKE_PREFIX_PATH=/home/asd/ros2_ws/install/my_package:/opt/ros/iron LD_LIBRARY_PATH=/home/asd/ros2_ws/install/my_package/lib:${LD_LIBRARY_PATH} PYTHONPATH=/home/asd/ros2_ws/install/my_package/lib/python3.10/site-packages:${PYTHONPATH} /usr/bin/cmake --build /home/asd/ros2_ws/build/div -- -j4 -l4
[4.614s] [ 25%] [32mBuilding CXX object CMakeFiles/client.dir/src/div_client.cpp.o[0m
[4.616s] [ 50%] [32mBuilding CXX object CMakeFiles/server.dir/src/div_server.cpp.o[0m
[5.654s] [01m[K/home/asd/ros2_ws/src/div/src/div_server.cpp:2:10:[m[K [01;31m[Kfatal error: [m[Kmy_package/srv/add_two_ints2.hpp: No such file or directory
[5.655s]     2 | #include [01;31m[K"my_package/srv/add_two_ints2.hpp"[m[K // Import√°ljuk a saj√°t szolg√°ltat√°s f√°jlt
[5.655s]       |          [01;31m[K^~~~~~~~~~~~~~~~~~~~~~~~~~~~~~~~~~[m[K
[5.655s] compilation terminated.
[5.657s] [01m[K/home/asd/ros2_ws/src/div/src/div_client.cpp:2:10:[m[K [01;31m[Kfatal error: [m[Kmy_package/srv/add_two_ints2.hpp: No such file or directory
[5.657s]     2 | #include [01;31m[K"my_package/srv/add_two_ints2.hpp"[m[K
[5.657s]       |          [01;31m[K^~~~~~~~~~~~~~~~~~~~~~~~~~~~~~~~~~[m[K
[5.658s] compilation terminated.
[5.677s] gmake[2]: *** [CMakeFiles/server.dir/build.make:76: CMakeFiles/server.dir/src/div_server.cpp.o] Error 1
[5.678s] gmake[2]: *** [CMakeFiles/client.dir/build.make:76: CMakeFiles/client.dir/src/div_client.cpp.o] Error 1
[5.678s] gmake[1]: *** [CMakeFiles/Makefile2:139: CMakeFiles/server.dir/all] Error 2
[5.678s] gmake[1]: *** Waiting for unfinished jobs....
[5.679s] gmake[1]: *** [CMakeFiles/Makefile2:165: CMakeFiles/client.dir/all] Error 2
[5.679s] gmake: *** [Makefile:146: all] Error 2
[5.684s] Invoked command in '/home/asd/ros2_ws/build/div' returned '2': AMENT_PREFIX_PATH=/home/asd/ros2_ws/install/my_package:${AMENT_PREFIX_PATH} CMAKE_PREFIX_PATH=/home/asd/ros2_ws/install/my_package:/opt/ros/iron LD_LIBRARY_PATH=/home/asd/ros2_ws/install/my_package/lib:${LD_LIBRARY_PATH} PYTHONPATH=/home/asd/ros2_ws/install/my_package/lib/python3.10/site-packages:${PYTHONPATH} /usr/bin/cmake --build /home/asd/ros2_ws/build/div -- -j4 -l4
