[0.132s] Invoking command in '/home/asd/ros2_ws/build/simple_div': AMENT_PREFIX_PATH=/home/asd/ros2_ws/install/my_package:${AMENT_PREFIX_PATH} CMAKE_PREFIX_PATH=/home/asd/ros2_ws/install/my_package:/opt/ros/iron LD_LIBRARY_PATH=/home/asd/ros2_ws/install/my_package/lib:${LD_LIBRARY_PATH} PYTHONPATH=/home/asd/ros2_ws/install/my_package/lib/python3.10/site-packages:${PYTHONPATH} /usr/bin/cmake --build /home/asd/ros2_ws/build/simple_div -- -j4 -l4
[0.407s] -- Found ament_cmake: 2.0.4 (/opt/ros/iron/share/ament_cmake/cmake)
[1.276s] -- Found rclcpp: 21.0.5 (/opt/ros/iron/share/rclcpp/cmake)
[1.623s] -- Found rosidl_generator_c: 4.0.1 (/opt/ros/iron/share/rosidl_generator_c/cmake)
[1.677s] -- Found rosidl_generator_cpp: 4.0.1 (/opt/ros/iron/share/rosidl_generator_cpp/cmake)
[1.787s] -- Using all available rosidl_typesupport_c: rosidl_typesupport_fastrtps_c;rosidl_typesupport_introspection_c
[1.952s] -- Using all available rosidl_typesupport_cpp: rosidl_typesupport_fastrtps_cpp;rosidl_typesupport_introspection_cpp
[3.321s] -- Found rmw_implementation_cmake: 7.1.0 (/opt/ros/iron/share/rmw_implementation_cmake/cmake)
[3.344s] -- Found rmw_fastrtps_cpp: 7.1.3 (/opt/ros/iron/share/rmw_fastrtps_cpp/cmake)
[4.185s] -- Using RMW implementation 'rmw_fastrtps_cpp' as default
[5.678s] -- Found std_msgs: 5.0.0 (/opt/ros/iron/share/std_msgs/cmake)
[5.986s] -- Found my_package: 0.0.0 (/home/asd/ros2_ws/install/my_package/share/my_package/cmake)
[9.749s] -- Configuring done
[9.835s] -- Generating done
[9.846s] -- Build files have been written to: /home/asd/ros2_ws/build/simple_div
[9.951s] [35m[1mConsolidate compiler generated dependencies of target input_numbers[0m
[10.033s] [ 50%] [32mBuilding CXX object CMakeFiles/input_numbers.dir/src/input_numbers.cpp.o[0m
[11.264s] [01m[K/home/asd/ros2_ws/src/simple_div/src/input_numbers.cpp:2:10:[m[K [01;31m[Kfatal error: [m[Kmy_package/msg/add_two_ints.hpp: No such file or directory
[11.265s]     2 | #include [01;31m[K"my_package/msg/add_two_ints.hpp"[m[K
[11.265s]       |          [01;31m[K^~~~~~~~~~~~~~~~~~~~~~~~~~~~~~~~~[m[K
[11.265s] compilation terminated.
[11.273s] gmake[2]: *** [CMakeFiles/input_numbers.dir/build.make:76: CMakeFiles/input_numbers.dir/src/input_numbers.cpp.o] Error 1
[11.275s] gmake[1]: *** [CMakeFiles/Makefile2:137: CMakeFiles/input_numbers.dir/all] Error 2
[11.275s] gmake: *** [Makefile:146: all] Error 2
[11.282s] Invoked command in '/home/asd/ros2_ws/build/simple_div' returned '2': AMENT_PREFIX_PATH=/home/asd/ros2_ws/install/my_package:${AMENT_PREFIX_PATH} CMAKE_PREFIX_PATH=/home/asd/ros2_ws/install/my_package:/opt/ros/iron LD_LIBRARY_PATH=/home/asd/ros2_ws/install/my_package/lib:${LD_LIBRARY_PATH} PYTHONPATH=/home/asd/ros2_ws/install/my_package/lib/python3.10/site-packages:${PYTHONPATH} /usr/bin/cmake --build /home/asd/ros2_ws/build/simple_div -- -j4 -l4
