[0.047s] Invoking command in '/home/asd/ros2_ws/build/fl_div': AMENT_PREFIX_PATH=/home/asd/ros2_ws/install/my_package:${AMENT_PREFIX_PATH} CMAKE_PREFIX_PATH=/home/asd/ros2_ws/install/my_package:/opt/ros/iron LD_LIBRARY_PATH=/home/asd/ros2_ws/install/my_package/lib:${LD_LIBRARY_PATH} PYTHONPATH=/home/asd/ros2_ws/install/my_package/lib/python3.10/site-packages:${PYTHONPATH} /usr/bin/cmake --build /home/asd/ros2_ws/build/fl_div -- -j4 -l4
[0.504s] -- Found std_msgs: 5.0.0 (/opt/ros/iron/share/std_msgs/cmake)
[1.235s] -- Found rosidl_generator_c: 4.0.1 (/opt/ros/iron/share/rosidl_generator_c/cmake)
[1.309s] -- Found rosidl_generator_cpp: 4.0.1 (/opt/ros/iron/share/rosidl_generator_cpp/cmake)
[1.382s] -- Using all available rosidl_typesupport_c: rosidl_typesupport_fastrtps_c;rosidl_typesupport_introspection_c
[1.477s] -- Using all available rosidl_typesupport_cpp: rosidl_typesupport_fastrtps_cpp;rosidl_typesupport_introspection_cpp
[1.856s] -- Found rclcpp: 21.0.5 (/opt/ros/iron/share/rclcpp/cmake)
[2.989s] -- Found rmw_implementation_cmake: 7.1.0 (/opt/ros/iron/share/rmw_implementation_cmake/cmake)
[2.996s] -- Found rmw_fastrtps_cpp: 7.1.3 (/opt/ros/iron/share/rmw_fastrtps_cpp/cmake)
[3.928s] -- Using RMW implementation 'rmw_fastrtps_cpp' as default
[5.285s] -- Found my_package: 0.0.0 (/home/asd/ros2_ws/install/my_package/share/my_package/cmake)
[8.450s] -- Configuring done
[10.155s] -- Generating done
[10.165s] -- Build files have been written to: /home/asd/ros2_ws/build/fl_div
[10.282s] [35m[1mConsolidate compiler generated dependencies of target client[0m
[10.285s] [35m[1mConsolidate compiler generated dependencies of target server[0m
[10.395s] [ 25%] [32m[1mLinking CXX executable client[0m
[10.404s] [ 50%] [32mBuilding CXX object CMakeFiles/server.dir/src/fl_div_server.cpp.o[0m
[11.450s] [01m[K/home/asd/ros2_ws/src/fl_div/src/fl_div_server.cpp:3:10:[m[K [01;31m[Kfatal error: [m[Kstd_msgs/msg/Float64.hpp: No such file or directory
[11.450s]     3 | #include [01;31m[K"std_msgs/msg/Float64.hpp"[m[K // Import√°ljuk a std_msgs/Float64 √ºzenet t√≠pust
[11.450s]       |          [01;31m[K^~~~~~~~~~~~~~~~~~~~~~~~~~[m[K
[11.451s] compilation terminated.
[11.459s] gmake[2]: *** [CMakeFiles/server.dir/build.make:76: CMakeFiles/server.dir/src/fl_div_server.cpp.o] Error 1
[11.460s] gmake[1]: *** [CMakeFiles/Makefile2:139: CMakeFiles/server.dir/all] Error 2
[11.460s] gmake[1]: *** Waiting for unfinished jobs....
[15.258s] [ 75%] Built target client
[15.262s] gmake: *** [Makefile:146: all] Error 2
[15.270s] Invoked command in '/home/asd/ros2_ws/build/fl_div' returned '2': AMENT_PREFIX_PATH=/home/asd/ros2_ws/install/my_package:${AMENT_PREFIX_PATH} CMAKE_PREFIX_PATH=/home/asd/ros2_ws/install/my_package:/opt/ros/iron LD_LIBRARY_PATH=/home/asd/ros2_ws/install/my_package/lib:${LD_LIBRARY_PATH} PYTHONPATH=/home/asd/ros2_ws/install/my_package/lib/python3.10/site-packages:${PYTHONPATH} /usr/bin/cmake --build /home/asd/ros2_ws/build/fl_div -- -j4 -l4
