[0.049s] Invoking command in '/home/asd/ros2_ws/build/input_numbers': AMENT_PREFIX_PATH=/home/asd/ros2_ws/install/my_package:${AMENT_PREFIX_PATH} CMAKE_PREFIX_PATH=/home/asd/ros2_ws/install/my_package:/opt/ros/iron LD_LIBRARY_PATH=/home/asd/ros2_ws/install/my_package/lib:${LD_LIBRARY_PATH} PYTHONPATH=/home/asd/ros2_ws/install/my_package/lib/python3.10/site-packages:${PYTHONPATH} /usr/bin/cmake --build /home/asd/ros2_ws/build/input_numbers -- -j4 -l4
[0.264s] [ 50%] [32mBuilding CXX object CMakeFiles/input_numbers.dir/src/input_numbers.cpp.o[0m
[9.615s] [01m[K/home/asd/ros2_ws/src/input_numbers/src/input_numbers.cpp:57:30:[m[K [01;31m[Kerror: [m[Kâ€˜[01m[Kstd_msgs[m[Kâ€™ does not name a type
[9.615s]    57 |     void divideNumbers(const [01;31m[Kstd_msgs[m[K::msg::Float64::SharedPtr msg)
[9.616s]       |                              [01;31m[K^~~~~~~~[m[K
[9.616s] [01m[K/home/asd/ros2_ws/src/input_numbers/src/input_numbers.cpp:57:43:[m[K [01;31m[Kerror: [m[Kexpected unqualified-id before â€˜[01m[K::[m[Kâ€™ token
[9.616s]    57 |     void divideNumbers(const std_msgs::msg[01;31m[K::[m[KFloat64::SharedPtr msg)
[9.616s]       |                                           [01;31m[K^~[m[K
[9.617s] [01m[K/home/asd/ros2_ws/src/input_numbers/src/input_numbers.cpp:57:43:[m[K [01;31m[Kerror: [m[Kexpected â€˜[01m[K)[m[Kâ€™ before â€˜[01m[K::[m[Kâ€™ token
[9.617s]    57 |     void divideNumbers[34m[K([m[Kconst std_msgs::msg[01;31m[K:[m[K[32m[K:[m[KFloat64::SharedPtr msg)
[9.617s]       |                       [34m[K~[m[K                   [01;31m[K^[m[K[32m[K~[m[K
[9.618s]       |                                           [32m[K)[m[K
[9.655s] [01m[K/home/asd/ros2_ws/src/input_numbers/src/input_numbers.cpp:57:40:[m[K [01;31m[Kerror: [m[Kexpected â€˜[01m[K;[m[Kâ€™ at end of member declaration
[9.655s]    57 |     void divideNumbers(const std_msgs::[01;31m[Kmsg[m[K::Float64::SharedPtr msg)
[9.655s]       |                                        [01;31m[K^~~[m[K
[9.656s]       |                                           [32m[K;[m[K
[9.662s] [01m[K/home/asd/ros2_ws/src/input_numbers/src/input_numbers.cpp:57:45:[m[K [01;31m[Kerror: [m[Kâ€˜[01m[KFloat64[m[Kâ€™ in namespace â€˜[01m[K::[m[Kâ€™ does not name a type
[9.663s]    57 |     void divideNumbers(const std_msgs::msg::[01;31m[KFloat64[m[K::SharedPtr msg)
[9.663s]       |                                             [01;31m[K^~~~~~~[m[K
[9.683s] [01m[K/home/asd/ros2_ws/src/input_numbers/src/input_numbers.cpp:81:26:[m[K [01;31m[Kerror: [m[Kâ€˜[01m[Kstd_msgs[m[Kâ€™ was not declared in this scope
[9.683s]    81 |     rclcpp::Subscription<[01;31m[Kstd_msgs[m[K::msg::Float64>::SharedPtr subscription_;
[9.684s]       |                          [01;31m[K^~~~~~~~[m[K
[9.684s] [01m[K/home/asd/ros2_ws/src/input_numbers/src/input_numbers.cpp:81:48:[m[K [01;31m[Kerror: [m[Ktemplate argument 1 is invalid
[9.684s]    81 |     rclcpp::Subscription<std_msgs::msg::Float64[01;31m[K>[m[K::SharedPtr subscription_;
[9.685s]       |                                                [01;31m[K^[m[K
[9.685s] [01m[K/home/asd/ros2_ws/src/input_numbers/src/input_numbers.cpp:81:48:[m[K [01;31m[Kerror: [m[Ktemplate argument 3 is invalid
[9.685s] [01m[K/home/asd/ros2_ws/src/input_numbers/src/input_numbers.cpp:81:48:[m[K [01;31m[Kerror: [m[Ktemplate argument 4 is invalid
[9.685s] [01m[K/home/asd/ros2_ws/src/input_numbers/src/input_numbers.cpp:81:48:[m[K [01;31m[Kerror: [m[Ktemplate argument 5 is invalid
[9.686s] [01m[K/home/asd/ros2_ws/src/input_numbers/src/input_numbers.cpp:81:51:[m[K [01;31m[Kerror: [m[Kexpected â€˜[01m[K;[m[Kâ€™ at end of member declaration
[9.686s]    81 |     rclcpp::Subscription<std_msgs::msg::Float64>::[01;31m[KSharedPtr[m[K subscription_;
[9.686s]       |                                                   [01;31m[K^~~~~~~~~[m[K
[9.686s]       |                                                            [32m[K;[m[K
[9.691s] [01m[K/home/asd/ros2_ws/src/input_numbers/src/input_numbers.cpp:81:61:[m[K [01;31m[Kerror: [m[Kâ€˜[01m[Ksubscription_[m[Kâ€™ does not name a type; did you mean â€˜[01m[Krmw_subscription_t[m[Kâ€™?
[9.691s]    81 |     rclcpp::Subscription<std_msgs::msg::Float64>::SharedPtr [01;31m[Ksubscription_[m[K;
[9.692s]       |                                                             [01;31m[K^~~~~~~~~~~~~[m[K
[9.692s]       |                                                             [32m[Krmw_subscription_t[m[K
[9.928s] [01m[K/home/asd/ros2_ws/src/input_numbers/src/input_numbers.cpp:[m[K In constructor â€˜[01m[KInputNumbersNode::InputNumbersNode()[m[Kâ€™:
[9.929s] [01m[K/home/asd/ros2_ws/src/input_numbers/src/input_numbers.cpp:50:9:[m[K [01;31m[Kerror: [m[Kâ€˜[01m[Ksubscription_[m[Kâ€™ was not declared in this scope; did you mean â€˜[01m[Krmw_subscription_t[m[Kâ€™?
[9.929s]    50 |         [01;31m[Ksubscription_[m[K = this->create_subscription<std_msgs::msg::Float64>(
[9.929s]       |         [01;31m[K^~~~~~~~~~~~~[m[K
[9.929s]       |         [32m[Krmw_subscription_t[m[K
[9.952s] [01m[K/home/asd/ros2_ws/src/input_numbers/src/input_numbers.cpp:50:51:[m[K [01;31m[Kerror: [m[Kâ€˜[01m[Kstd_msgs[m[Kâ€™ was not declared in this scope
[9.953s]    50 |         subscription_ = this->create_subscription<[01;31m[Kstd_msgs[m[K::msg::Float64>(
[9.953s]       |                                                   [01;31m[K^~~~~~~~[m[K
[9.953s] [01m[K/home/asd/ros2_ws/src/input_numbers/src/input_numbers.cpp:50:31:[m[K [01;31m[Kerror: [m[Kparse error in template argument list
[9.953s]    50 |         subscription_ = this->[01;31m[Kcreate_subscription<std_msgs::msg::Float64>[m[K(
[9.954s]       |                               [01;31m[K^~~~~~~~~~~~~~~~~~~~~~~~~~~~~~~~~~~~~~~~~~~[m[K
[9.970s] [01m[K/home/asd/ros2_ws/src/input_numbers/src/input_numbers.cpp:50:74:[m[K [01;31m[Kerror: [m[Kno matching function for call to â€˜[01m[KInputNumbersNode::create_subscription<<expression error> >(const char [14], int, std::_Bind_helper<false, void (InputNumbersNode::*)(...), InputNumbersNode*, const std::_Placeholder<1>&>::type)[m[Kâ€™
[9.971s]    50 |      subscription_ = [01;31m[Kthis->create_subscription<std_msgs::msg::Float64>([m[K
[9.971s]       |                      [01;31m[K~~~~~~~~~~~~~~~~~~~~~~~~~~~~~~~~~~~~~~~~~~~~~~~~~^[m[K
[9.972s] 
[9.972s]    51 | [01;31m[K         "input_numbers", 10, std::bind(&InputNumbersNode::divideNumbers, this, std::placeholders::_1))[m[K;
[9.972s]       |          [01;31m[K~~~~~~~~~~~~~~~~~~~~~~~~~~~~~~~~~~~~~~~~~~~~~~~~~~~~~~~~~~~~~~~~~~~~~~~~~~~~~~~~~~~~~~~~~~~~~~[m[K
[9.972s] 
[9.973s] In file included from [01m[K/opt/ros/iron/include/rclcpp/rclcpp/executors/single_threaded_executor.hpp:28[m[K,
[9.974s]                  from [01m[K/opt/ros/iron/include/rclcpp/rclcpp/executors.hpp:22[m[K,
[9.974s]                  from [01m[K/opt/ros/iron/include/rclcpp/rclcpp/rclcpp.hpp:167[m[K,
[9.974s]                  from [01m[K/home/asd/ros2_ws/src/input_numbers/src/input_numbers.cpp:1[m[K:
[9.974s] [01m[K/opt/ros/iron/include/rclcpp/rclcpp/node.hpp:220:3:[m[K [01;36m[Knote: [m[Kcandidate: â€˜[01m[Ktemplate<class MessageT, class CallbackT, class AllocatorT, class SubscriptionT, class MessageMemoryStrategyT> std::shared_ptr<ROSMessageT> rclcpp::Node::create_subscription(const string&, const rclcpp::QoS&, CallbackT&&, const rclcpp::SubscriptionOptionsWithAllocator<AllocatorT>&, typename MessageMemoryStrategyT::SharedPtr)[m[Kâ€™
[9.975s]   220 |   [01;36m[Kcreate_subscription[m[K(
[9.975s]       |   [01;36m[K^~~~~~~~~~~~~~~~~~~[m[K
[9.975s] [01m[K/opt/ros/iron/include/rclcpp/rclcpp/node.hpp:220:3:[m[K [01;36m[Knote: [m[K  template argument deduction/substitution failed:
[9.975s] [01m[K/home/asd/ros2_ws/src/input_numbers/src/input_numbers.cpp:50:74:[m[K [01;31m[Kerror: [m[Ktemplate argument 1 is invalid
[9.976s]    50 |      subscription_ = [01;31m[Kthis->create_subscription<std_msgs::msg::Float64>([m[K
[9.976s]       |                      [01;31m[K~~~~~~~~~~~~~~~~~~~~~~~~~~~~~~~~~~~~~~~~~~~~~~~~~^[m[K
[9.976s] 
[9.976s]    51 | [01;31m[K         "input_numbers", 10, std::bind(&InputNumbersNode::divideNumbers, this, std::placeholders::_1))[m[K;
[9.977s]       |          [01;31m[K~~~~~~~~~~~~~~~~~~~~~~~~~~~~~~~~~~~~~~~~~~~~~~~~~~~~~~~~~~~~~~~~~~~~~~~~~~~~~~~~~~~~~~~~~~~~~~[m[K
[9.977s] 
[13.349s] gmake[2]: *** [CMakeFiles/input_numbers.dir/build.make:76: CMakeFiles/input_numbers.dir/src/input_numbers.cpp.o] Error 1
[13.350s] gmake[1]: *** [CMakeFiles/Makefile2:137: CMakeFiles/input_numbers.dir/all] Error 2
[13.350s] gmake: *** [Makefile:146: all] Error 2
[13.356s] Invoked command in '/home/asd/ros2_ws/build/input_numbers' returned '2': AMENT_PREFIX_PATH=/home/asd/ros2_ws/install/my_package:${AMENT_PREFIX_PATH} CMAKE_PREFIX_PATH=/home/asd/ros2_ws/install/my_package:/opt/ros/iron LD_LIBRARY_PATH=/home/asd/ros2_ws/install/my_package/lib:${LD_LIBRARY_PATH} PYTHONPATH=/home/asd/ros2_ws/install/my_package/lib/python3.10/site-packages:${PYTHONPATH} /usr/bin/cmake --build /home/asd/ros2_ws/build/input_numbers -- -j4 -l4
