[0.049s] Invoking command in '/home/asd/ros2_ws/build/fl_div': AMENT_PREFIX_PATH=/home/asd/ros2_ws/install/my_package:${AMENT_PREFIX_PATH} CMAKE_PREFIX_PATH=/home/asd/ros2_ws/install/my_package:/opt/ros/iron LD_LIBRARY_PATH=/home/asd/ros2_ws/install/my_package/lib:${LD_LIBRARY_PATH} PYTHONPATH=/home/asd/ros2_ws/install/my_package/lib/python3.10/site-packages:${PYTHONPATH} /usr/bin/cmake --build /home/asd/ros2_ws/build/fl_div -- -j4 -l4
[0.266s] [ 50%] Built target server
[0.276s] [35m[1mConsolidate compiler generated dependencies of target client[0m
[0.372s] [ 75%] [32mBuilding CXX object CMakeFiles/client.dir/src/fl_div_client.cpp.o[0m
[9.689s] [01m[K/home/asd/ros2_ws/src/fl_div/src/fl_div_client.cpp:[m[K In function â€˜[01m[Kint main(int, char**)[m[Kâ€™:
[9.689s] [01m[K/home/asd/ros2_ws/src/fl_div/src/fl_div_client.cpp:87:49:[m[K [01;31m[Kerror: [m[Kâ€˜[01m[Kstd_msgs[m[Kâ€™ was not declared in this scope
[9.689s]    87 |         auto publisher = node->create_publisher<[01;31m[Kstd_msgs[m[K::msg::Float64>("division_result", 10);
[9.690s]       |                                                 [01;31m[K^~~~~~~~[m[K
[9.690s] [01m[K/home/asd/ros2_ws/src/fl_div/src/fl_div_client.cpp:87:32:[m[K [01;31m[Kerror: [m[Kparse error in template argument list
[9.690s]    87 |         auto publisher = node->[01;31m[Kcreate_publisher<std_msgs::msg::Float64>[m[K("division_result", 10);
[9.691s]       |                                [01;31m[K^~~~~~~~~~~~~~~~~~~~~~~~~~~~~~~~~~~~~~~~[m[K
[9.691s] [01m[K/home/asd/ros2_ws/src/fl_div/src/fl_div_client.cpp:87:72:[m[K [01;31m[Kerror: [m[Kno matching function for call to â€˜[01m[Krclcpp::Node::create_publisher<<expression error> >(const char [16], int)[m[Kâ€™
[9.691s]    87 | o publisher = [01;31m[Knode->create_publisher<std_msgs::msg::Float64>("division_result", 10)[m[K;
[9.692s]       |               [01;31m[K~~~~~~~~~~~~~~~~~~~~~~~~~~~~~~~~~~~~~~~~~~~~~~^~~~~~~~~~~~~~~~~~~~~~~[m[K
[9.692s] 
[9.693s] In file included from [01m[K/opt/ros/iron/include/rclcpp/rclcpp/executors/single_threaded_executor.hpp:28[m[K,
[9.693s]                  from [01m[K/opt/ros/iron/include/rclcpp/rclcpp/executors.hpp:22[m[K,
[9.693s]                  from [01m[K/opt/ros/iron/include/rclcpp/rclcpp/rclcpp.hpp:167[m[K,
[9.694s]                  from [01m[K/home/asd/ros2_ws/src/fl_div/src/fl_div_client.cpp:1[m[K:
[9.694s] [01m[K/opt/ros/iron/include/rclcpp/rclcpp/node.hpp:196:3:[m[K [01;36m[Knote: [m[Kcandidate: â€˜[01m[Ktemplate<class MessageT, class AllocatorT, class PublisherT> std::shared_ptr<PublisherT> rclcpp::Node::create_publisher(const string&, const rclcpp::QoS&, const rclcpp::PublisherOptionsWithAllocator<AllocatorT>&)[m[Kâ€™
[9.694s]   196 |   [01;36m[Kcreate_publisher[m[K(
[9.694s]       |   [01;36m[K^~~~~~~~~~~~~~~~[m[K
[9.695s] [01m[K/opt/ros/iron/include/rclcpp/rclcpp/node.hpp:196:3:[m[K [01;36m[Knote: [m[K  template argument deduction/substitution failed:
[9.695s] [01m[K/home/asd/ros2_ws/src/fl_div/src/fl_div_client.cpp:87:72:[m[K [01;31m[Kerror: [m[Ktemplate argument 1 is invalid
[9.695s]    87 | o publisher = [01;31m[Knode->create_publisher<std_msgs::msg::Float64>("division_result", 10)[m[K;
[9.695s]       |               [01;31m[K~~~~~~~~~~~~~~~~~~~~~~~~~~~~~~~~~~~~~~~~~~~~~~^~~~~~~~~~~~~~~~~~~~~~~[m[K
[9.696s] 
[9.696s] [01m[K/home/asd/ros2_ws/src/fl_div/src/fl_div_client.cpp:88:24:[m[K [01;31m[Kerror: [m[Kâ€˜[01m[Kstd_msgs[m[Kâ€™ is not a class, namespace, or enumeration
[9.696s]    88 |         auto message = [01;31m[Kstd_msgs[m[K::msg::Float64();
[9.696s]       |                        [01;31m[K^~~~~~~~[m[K
[13.067s] gmake[2]: *** [CMakeFiles/client.dir/build.make:76: CMakeFiles/client.dir/src/fl_div_client.cpp.o] Error 1
[13.067s] gmake[1]: *** [CMakeFiles/Makefile2:165: CMakeFiles/client.dir/all] Error 2
[13.068s] gmake: *** [Makefile:146: all] Error 2
[13.073s] Invoked command in '/home/asd/ros2_ws/build/fl_div' returned '2': AMENT_PREFIX_PATH=/home/asd/ros2_ws/install/my_package:${AMENT_PREFIX_PATH} CMAKE_PREFIX_PATH=/home/asd/ros2_ws/install/my_package:/opt/ros/iron LD_LIBRARY_PATH=/home/asd/ros2_ws/install/my_package/lib:${LD_LIBRARY_PATH} PYTHONPATH=/home/asd/ros2_ws/install/my_package/lib/python3.10/site-packages:${PYTHONPATH} /usr/bin/cmake --build /home/asd/ros2_ws/build/fl_div -- -j4 -l4
