-- Found ament_cmake: 2.0.4 (/opt/ros/iron/share/ament_cmake/cmake)
-- Found rclcpp: 21.0.5 (/opt/ros/iron/share/rclcpp/cmake)
-- Found rosidl_generator_c: 4.0.1 (/opt/ros/iron/share/rosidl_generator_c/cmake)
-- Found rosidl_generator_cpp: 4.0.1 (/opt/ros/iron/share/rosidl_generator_cpp/cmake)
-- Using all available rosidl_typesupport_c: rosidl_typesupport_fastrtps_c;rosidl_typesupport_introspection_c
-- Using all available rosidl_typesupport_cpp: rosidl_typesupport_fastrtps_cpp;rosidl_typesupport_introspection_cpp
-- Found rmw_implementation_cmake: 7.1.0 (/opt/ros/iron/share/rmw_implementation_cmake/cmake)
-- Found rmw_fastrtps_cpp: 7.1.3 (/opt/ros/iron/share/rmw_fastrtps_cpp/cmake)
-- Using RMW implementation 'rmw_fastrtps_cpp' as default
-- Found std_msgs: 5.0.0 (/opt/ros/iron/share/std_msgs/cmake)
-- Configuring done
-- Generating done
-- Build files have been written to: /home/asd/ros2_ws/build/input_numbers
[35m[1mConsolidate compiler generated dependencies of target input_numbers[0m
[ 50%] [32mBuilding CXX object CMakeFiles/input_numbers.dir/src/input_numbers.cpp.o[0m
[01m[K/home/asd/ros2_ws/src/input_numbers/src/input_numbers.cpp:18:45:[m[K [01;31m[Kerror: [m[Kâ€˜[01m[KFloat64MultiArray[m[Kâ€™ in namespace â€˜[01m[Kstd_msgs::msg[m[Kâ€™ does not name a type
   18 |     void inputCallback(const std_msgs::msg::[01;31m[KFloat64MultiArray[m[K::SharedPtr msg)
      |                                             [01;31m[K^~~~~~~~~~~~~~~~~[m[K
[01m[K/home/asd/ros2_ws/src/input_numbers/src/input_numbers.cpp:18:74:[m[K [01;31m[Kerror: [m[Kexpected unqualified-id before â€˜[01m[Kmsg[m[Kâ€™
   18 | id inputCallback(const std_msgs::msg::Float64MultiArray::SharedPtr [01;31m[Kmsg[m[K)
      |                                                                    [01;31m[K^~~[m[K

[01m[K/home/asd/ros2_ws/src/input_numbers/src/input_numbers.cpp:18:73:[m[K [01;31m[Kerror: [m[Kexpected â€˜[01m[K)[m[Kâ€™ before â€˜[01m[Kmsg[m[Kâ€™
   18 | id inputCallback[34m[K([m[Kconst std_msgs::msg::Float64MultiArray::SharedPtr[01;31m[K [m[K[32m[Kmsg[m[K)
      |                 [34m[K~[m[K                                                 [01;31m[K^[m[K[32m[K~~~[m[K
      |                                                                   [32m[K)[m[K
[01m[K/home/asd/ros2_ws/src/input_numbers/src/input_numbers.cpp:18:64:[m[K [01;31m[Kerror: [m[Kexpected â€˜[01m[K;[m[Kâ€™ at end of member declaration
   18 |  void inputCallback(const std_msgs::msg::Float64MultiArray::[01;31m[KSharedPtr[m[K msg)
      |                                                             [01;31m[K^~~~~~~~~[m[K
      |                                                                      [32m[K;[m[K
[01m[K/home/asd/ros2_ws/src/input_numbers/src/input_numbers.cpp:18:74:[m[K [01;31m[Kerror: [m[Kâ€˜[01m[Kmsg[m[Kâ€™ does not name a type
   18 | id inputCallback(const std_msgs::msg::Float64MultiArray::SharedPtr [01;31m[Kmsg[m[K)
      |                                                                    [01;31m[K^~~[m[K

[01m[K/home/asd/ros2_ws/src/input_numbers/src/input_numbers.cpp:37:41:[m[K [01;31m[Kerror: [m[Kâ€˜[01m[KFloat64MultiArray[m[Kâ€™ is not a member of â€˜[01m[Kstd_msgs::msg[m[Kâ€™
   37 |     rclcpp::Subscription<std_msgs::msg::[01;31m[KFloat64MultiArray[m[K>::SharedPtr subscription_;
      |                                         [01;31m[K^~~~~~~~~~~~~~~~~[m[K
[01m[K/home/asd/ros2_ws/src/input_numbers/src/input_numbers.cpp:37:58:[m[K [01;31m[Kerror: [m[Ktemplate argument 1 is invalid
   37 |     rclcpp::Subscription<std_msgs::msg::Float64MultiArray[01;31m[K>[m[K::SharedPtr subscription_;
      |                                                          [01;31m[K^[m[K
[01m[K/home/asd/ros2_ws/src/input_numbers/src/input_numbers.cpp:37:58:[m[K [01;31m[Kerror: [m[Ktemplate argument 3 is invalid
[01m[K/home/asd/ros2_ws/src/input_numbers/src/input_numbers.cpp:37:58:[m[K [01;31m[Kerror: [m[Ktemplate argument 4 is invalid
[01m[K/home/asd/ros2_ws/src/input_numbers/src/input_numbers.cpp:37:58:[m[K [01;31m[Kerror: [m[Ktemplate argument 5 is invalid
[01m[K/home/asd/ros2_ws/src/input_numbers/src/input_numbers.cpp:37:61:[m[K [01;31m[Kerror: [m[Kexpected â€˜[01m[K;[m[Kâ€™ at end of member declaration
   37 |     rclcpp::Subscription<std_msgs::msg::Float64MultiArray>::[01;31m[KSharedPtr[m[K subscription_;
      |                                                             [01;31m[K^~~~~~~~~[m[K
      |                                                                      [32m[K;[m[K
[01m[K/home/asd/ros2_ws/src/input_numbers/src/input_numbers.cpp:37:71:[m[K [01;31m[Kerror: [m[Kâ€˜[01m[Ksubscription_[m[Kâ€™ does not name a type; did you mean â€˜[01m[Krmw_subscription_t[m[Kâ€™?
   37 | ::Subscription<std_msgs::msg::Float64MultiArray>::SharedPtr [01;31m[Ksubscription_[m[K;
      |                                                             [01;31m[K^~~~~~~~~~~~~[m[K
      |                                                             [32m[Krmw_subscription_t[m[K
[01m[K/home/asd/ros2_ws/src/input_numbers/src/input_numbers.cpp:[m[K In constructor â€˜[01m[KInputNumbers::InputNumbers()[m[Kâ€™:
[01m[K/home/asd/ros2_ws/src/input_numbers/src/input_numbers.cpp:13:9:[m[K [01;31m[Kerror: [m[Kâ€˜[01m[Ksubscription_[m[Kâ€™ was not declared in this scope; did you mean â€˜[01m[Krmw_subscription_t[m[Kâ€™?
   13 |         [01;31m[Ksubscription_[m[K = this->create_subscription<std_msgs::msg::Float64MultiArray>(
      |         [01;31m[K^~~~~~~~~~~~~[m[K
      |         [32m[Krmw_subscription_t[m[K
[01m[K/home/asd/ros2_ws/src/input_numbers/src/input_numbers.cpp:13:66:[m[K [01;31m[Kerror: [m[Kâ€˜[01m[KFloat64MultiArray[m[Kâ€™ is not a member of â€˜[01m[Kstd_msgs::msg[m[Kâ€™
   13 |    subscription_ = this->create_subscription<std_msgs::msg::[01;31m[KFloat64MultiArray[m[K>(
      |                                                             [01;31m[K^~~~~~~~~~~~~~~~~[m[K

[01m[K/home/asd/ros2_ws/src/input_numbers/src/input_numbers.cpp:13:84:[m[K [01;31m[Kerror: [m[Kno matching function for call to â€˜[01m[KInputNumbers::create_subscription<<expression error> >(const char [14], int, std::_Bind_helper<false, void (InputNumbers::*)(...), InputNumbers*, const std::_Placeholder<1>&>::type)[m[Kâ€™
   13 | ription_ = [01;31m[Kthis->create_subscription<std_msgs::msg::Float64MultiArray>([m[K
      |            [01;31m[K~~~~~~~~~~~~~~~~~~~~~~~~~~~~~~~~~~~~~~~~~~~~~~~~~~~~~~~~~~~^[m[K

   14 | [01;31m[Kinput_numbers", 10, std::bind(&InputNumbers::inputCallback, this, std::placeholders::_1))[m[K;
      | [01;31m[K~~~~~~~~~~~~~~~~~~~~~~~~~~~~~~~~~~~~~~~~~~~~~~~~~~~~~~~~~~~~~~~~~~~~~~~~~~~~~~~~~~~~~~~~~[m[K

In file included from [01m[K/opt/ros/iron/include/rclcpp/rclcpp/executors/single_threaded_executor.hpp:28[m[K,
                 from [01m[K/opt/ros/iron/include/rclcpp/rclcpp/executors.hpp:22[m[K,
                 from [01m[K/opt/ros/iron/include/rclcpp/rclcpp/rclcpp.hpp:167[m[K,
                 from [01m[K/home/asd/ros2_ws/src/input_numbers/src/input_numbers.cpp:1[m[K:
[01m[K/opt/ros/iron/include/rclcpp/rclcpp/node.hpp:220:3:[m[K [01;36m[Knote: [m[Kcandidate: â€˜[01m[Ktemplate<class MessageT, class CallbackT, class AllocatorT, class SubscriptionT, class MessageMemoryStrategyT> std::shared_ptr<ROSMessageT> rclcpp::Node::create_subscription(const string&, const rclcpp::QoS&, CallbackT&&, const rclcpp::SubscriptionOptionsWithAllocator<AllocatorT>&, typename MessageMemoryStrategyT::SharedPtr)[m[Kâ€™
  220 |   [01;36m[Kcreate_subscription[m[K(
      |   [01;36m[K^~~~~~~~~~~~~~~~~~~[m[K
[01m[K/opt/ros/iron/include/rclcpp/rclcpp/node.hpp:220:3:[m[K [01;36m[Knote: [m[K  template argument deduction/substitution failed:
[01m[K/home/asd/ros2_ws/src/input_numbers/src/input_numbers.cpp:13:84:[m[K [01;31m[Kerror: [m[Ktemplate argument 1 is invalid
   13 | ription_ = [01;31m[Kthis->create_subscription<std_msgs::msg::Float64MultiArray>([m[K
      |            [01;31m[K~~~~~~~~~~~~~~~~~~~~~~~~~~~~~~~~~~~~~~~~~~~~~~~~~~~~~~~~~~~^[m[K

   14 | [01;31m[Kinput_numbers", 10, std::bind(&InputNumbers::inputCallback, this, std::placeholders::_1))[m[K;
      | [01;31m[K~~~~~~~~~~~~~~~~~~~~~~~~~~~~~~~~~~~~~~~~~~~~~~~~~~~~~~~~~~~~~~~~~~~~~~~~~~~~~~~~~~~~~~~~~[m[K

gmake[2]: *** [CMakeFiles/input_numbers.dir/build.make:76: CMakeFiles/input_numbers.dir/src/input_numbers.cpp.o] Error 1
gmake[1]: *** [CMakeFiles/Makefile2:137: CMakeFiles/input_numbers.dir/all] Error 2
gmake: *** [Makefile:146: all] Error 2
