[0.045s] Invoking command in '/home/asd/ros2_ws/build/input_numbers': /usr/bin/cmake --build /home/asd/ros2_ws/build/input_numbers -- -j4 -l4
[0.169s] -- Found ament_cmake: 2.0.4 (/opt/ros/iron/share/ament_cmake/cmake)
[0.649s] -- Found rclcpp: 21.0.5 (/opt/ros/iron/share/rclcpp/cmake)
[0.796s] -- Found rosidl_generator_c: 4.0.1 (/opt/ros/iron/share/rosidl_generator_c/cmake)
[0.847s] -- Found rosidl_generator_cpp: 4.0.1 (/opt/ros/iron/share/rosidl_generator_cpp/cmake)
[0.970s] -- Using all available rosidl_typesupport_c: rosidl_typesupport_fastrtps_c;rosidl_typesupport_introspection_c
[1.071s] -- Using all available rosidl_typesupport_cpp: rosidl_typesupport_fastrtps_cpp;rosidl_typesupport_introspection_cpp
[2.294s] -- Found rmw_implementation_cmake: 7.1.0 (/opt/ros/iron/share/rmw_implementation_cmake/cmake)
[2.300s] -- Found rmw_fastrtps_cpp: 7.1.3 (/opt/ros/iron/share/rmw_fastrtps_cpp/cmake)
[2.892s] -- Using RMW implementation 'rmw_fastrtps_cpp' as default
[4.285s] -- Found std_msgs: 5.0.0 (/opt/ros/iron/share/std_msgs/cmake)
[4.745s] -- Configuring done
[4.787s] -- Generating done
[4.797s] -- Build files have been written to: /home/asd/ros2_ws/build/input_numbers
[4.929s] [35m[1mConsolidate compiler generated dependencies of target input_numbers[0m
[5.038s] [ 50%] [32mBuilding CXX object CMakeFiles/input_numbers.dir/src/input_numbers.cpp.o[0m
[14.051s] [01m[K/home/asd/ros2_ws/src/input_numbers/src/input_numbers.cpp:18:45:[m[K [01;31m[Kerror: [m[Kâ€˜[01m[KFloat64MultiArray[m[Kâ€™ in namespace â€˜[01m[Kstd_msgs::msg[m[Kâ€™ does not name a type
[14.052s]    18 |     void inputCallback(const std_msgs::msg::[01;31m[KFloat64MultiArray[m[K::SharedPtr msg)
[14.052s]       |                                             [01;31m[K^~~~~~~~~~~~~~~~~[m[K
[14.052s] [01m[K/home/asd/ros2_ws/src/input_numbers/src/input_numbers.cpp:18:74:[m[K [01;31m[Kerror: [m[Kexpected unqualified-id before â€˜[01m[Kmsg[m[Kâ€™
[14.052s]    18 | id inputCallback(const std_msgs::msg::Float64MultiArray::SharedPtr [01;31m[Kmsg[m[K)
[14.053s]       |                                                                    [01;31m[K^~~[m[K
[14.053s] 
[14.053s] [01m[K/home/asd/ros2_ws/src/input_numbers/src/input_numbers.cpp:18:73:[m[K [01;31m[Kerror: [m[Kexpected â€˜[01m[K)[m[Kâ€™ before â€˜[01m[Kmsg[m[Kâ€™
[14.053s]    18 | id inputCallback[34m[K([m[Kconst std_msgs::msg::Float64MultiArray::SharedPtr[01;31m[K [m[K[32m[Kmsg[m[K)
[14.054s]       |                 [34m[K~[m[K                                                 [01;31m[K^[m[K[32m[K~~~[m[K
[14.054s]       |                                                                   [32m[K)[m[K
[14.054s] [01m[K/home/asd/ros2_ws/src/input_numbers/src/input_numbers.cpp:18:64:[m[K [01;31m[Kerror: [m[Kexpected â€˜[01m[K;[m[Kâ€™ at end of member declaration
[14.055s]    18 |  void inputCallback(const std_msgs::msg::Float64MultiArray::[01;31m[KSharedPtr[m[K msg)
[14.055s]       |                                                             [01;31m[K^~~~~~~~~[m[K
[14.055s]       |                                                                      [32m[K;[m[K
[14.056s] [01m[K/home/asd/ros2_ws/src/input_numbers/src/input_numbers.cpp:18:74:[m[K [01;31m[Kerror: [m[Kâ€˜[01m[Kmsg[m[Kâ€™ does not name a type
[14.056s]    18 | id inputCallback(const std_msgs::msg::Float64MultiArray::SharedPtr [01;31m[Kmsg[m[K)
[14.056s]       |                                                                    [01;31m[K^~~[m[K
[14.056s] 
[14.069s] [01m[K/home/asd/ros2_ws/src/input_numbers/src/input_numbers.cpp:37:41:[m[K [01;31m[Kerror: [m[Kâ€˜[01m[KFloat64MultiArray[m[Kâ€™ is not a member of â€˜[01m[Kstd_msgs::msg[m[Kâ€™
[14.069s]    37 |     rclcpp::Subscription<std_msgs::msg::[01;31m[KFloat64MultiArray[m[K>::SharedPtr subscription_;
[14.069s]       |                                         [01;31m[K^~~~~~~~~~~~~~~~~[m[K
[14.070s] [01m[K/home/asd/ros2_ws/src/input_numbers/src/input_numbers.cpp:37:58:[m[K [01;31m[Kerror: [m[Ktemplate argument 1 is invalid
[14.070s]    37 |     rclcpp::Subscription<std_msgs::msg::Float64MultiArray[01;31m[K>[m[K::SharedPtr subscription_;
[14.071s]       |                                                          [01;31m[K^[m[K
[14.071s] [01m[K/home/asd/ros2_ws/src/input_numbers/src/input_numbers.cpp:37:58:[m[K [01;31m[Kerror: [m[Ktemplate argument 3 is invalid
[14.075s] [01m[K/home/asd/ros2_ws/src/input_numbers/src/input_numbers.cpp:37:58:[m[K [01;31m[Kerror: [m[Ktemplate argument 4 is invalid
[14.076s] [01m[K/home/asd/ros2_ws/src/input_numbers/src/input_numbers.cpp:37:58:[m[K [01;31m[Kerror: [m[Ktemplate argument 5 is invalid
[14.076s] [01m[K/home/asd/ros2_ws/src/input_numbers/src/input_numbers.cpp:37:61:[m[K [01;31m[Kerror: [m[Kexpected â€˜[01m[K;[m[Kâ€™ at end of member declaration
[14.076s]    37 |     rclcpp::Subscription<std_msgs::msg::Float64MultiArray>::[01;31m[KSharedPtr[m[K subscription_;
[14.077s]       |                                                             [01;31m[K^~~~~~~~~[m[K
[14.077s]       |                                                                      [32m[K;[m[K
[14.078s] [01m[K/home/asd/ros2_ws/src/input_numbers/src/input_numbers.cpp:37:71:[m[K [01;31m[Kerror: [m[Kâ€˜[01m[Ksubscription_[m[Kâ€™ does not name a type; did you mean â€˜[01m[Krmw_subscription_t[m[Kâ€™?
[14.078s]    37 | ::Subscription<std_msgs::msg::Float64MultiArray>::SharedPtr [01;31m[Ksubscription_[m[K;
[14.078s]       |                                                             [01;31m[K^~~~~~~~~~~~~[m[K
[14.078s]       |                                                             [32m[Krmw_subscription_t[m[K
[14.112s] [01m[K/home/asd/ros2_ws/src/input_numbers/src/input_numbers.cpp:[m[K In constructor â€˜[01m[KInputNumbers::InputNumbers()[m[Kâ€™:
[14.113s] [01m[K/home/asd/ros2_ws/src/input_numbers/src/input_numbers.cpp:13:9:[m[K [01;31m[Kerror: [m[Kâ€˜[01m[Ksubscription_[m[Kâ€™ was not declared in this scope; did you mean â€˜[01m[Krmw_subscription_t[m[Kâ€™?
[14.113s]    13 |         [01;31m[Ksubscription_[m[K = this->create_subscription<std_msgs::msg::Float64MultiArray>(
[14.113s]       |         [01;31m[K^~~~~~~~~~~~~[m[K
[14.114s]       |         [32m[Krmw_subscription_t[m[K
[14.114s] [01m[K/home/asd/ros2_ws/src/input_numbers/src/input_numbers.cpp:13:66:[m[K [01;31m[Kerror: [m[Kâ€˜[01m[KFloat64MultiArray[m[Kâ€™ is not a member of â€˜[01m[Kstd_msgs::msg[m[Kâ€™
[14.114s]    13 |    subscription_ = this->create_subscription<std_msgs::msg::[01;31m[KFloat64MultiArray[m[K>(
[14.115s]       |                                                             [01;31m[K^~~~~~~~~~~~~~~~~[m[K
[14.115s] 
[14.132s] [01m[K/home/asd/ros2_ws/src/input_numbers/src/input_numbers.cpp:13:84:[m[K [01;31m[Kerror: [m[Kno matching function for call to â€˜[01m[KInputNumbers::create_subscription<<expression error> >(const char [14], int, std::_Bind_helper<false, void (InputNumbers::*)(...), InputNumbers*, const std::_Placeholder<1>&>::type)[m[Kâ€™
[14.132s]    13 | ription_ = [01;31m[Kthis->create_subscription<std_msgs::msg::Float64MultiArray>([m[K
[14.132s]       |            [01;31m[K~~~~~~~~~~~~~~~~~~~~~~~~~~~~~~~~~~~~~~~~~~~~~~~~~~~~~~~~~~~^[m[K
[14.132s] 
[14.133s]    14 | [01;31m[Kinput_numbers", 10, std::bind(&InputNumbers::inputCallback, this, std::placeholders::_1))[m[K;
[14.133s]       | [01;31m[K~~~~~~~~~~~~~~~~~~~~~~~~~~~~~~~~~~~~~~~~~~~~~~~~~~~~~~~~~~~~~~~~~~~~~~~~~~~~~~~~~~~~~~~~~[m[K
[14.133s] 
[14.134s] In file included from [01m[K/opt/ros/iron/include/rclcpp/rclcpp/executors/single_threaded_executor.hpp:28[m[K,
[14.134s]                  from [01m[K/opt/ros/iron/include/rclcpp/rclcpp/executors.hpp:22[m[K,
[14.135s]                  from [01m[K/opt/ros/iron/include/rclcpp/rclcpp/rclcpp.hpp:167[m[K,
[14.135s]                  from [01m[K/home/asd/ros2_ws/src/input_numbers/src/input_numbers.cpp:1[m[K:
[14.135s] [01m[K/opt/ros/iron/include/rclcpp/rclcpp/node.hpp:220:3:[m[K [01;36m[Knote: [m[Kcandidate: â€˜[01m[Ktemplate<class MessageT, class CallbackT, class AllocatorT, class SubscriptionT, class MessageMemoryStrategyT> std::shared_ptr<ROSMessageT> rclcpp::Node::create_subscription(const string&, const rclcpp::QoS&, CallbackT&&, const rclcpp::SubscriptionOptionsWithAllocator<AllocatorT>&, typename MessageMemoryStrategyT::SharedPtr)[m[Kâ€™
[14.135s]   220 |   [01;36m[Kcreate_subscription[m[K(
[14.136s]       |   [01;36m[K^~~~~~~~~~~~~~~~~~~[m[K
[14.136s] [01m[K/opt/ros/iron/include/rclcpp/rclcpp/node.hpp:220:3:[m[K [01;36m[Knote: [m[K  template argument deduction/substitution failed:
[14.136s] [01m[K/home/asd/ros2_ws/src/input_numbers/src/input_numbers.cpp:13:84:[m[K [01;31m[Kerror: [m[Ktemplate argument 1 is invalid
[14.136s]    13 | ription_ = [01;31m[Kthis->create_subscription<std_msgs::msg::Float64MultiArray>([m[K
[14.137s]       |            [01;31m[K~~~~~~~~~~~~~~~~~~~~~~~~~~~~~~~~~~~~~~~~~~~~~~~~~~~~~~~~~~~^[m[K
[14.137s] 
[14.137s]    14 | [01;31m[Kinput_numbers", 10, std::bind(&InputNumbers::inputCallback, this, std::placeholders::_1))[m[K;
[14.137s]       | [01;31m[K~~~~~~~~~~~~~~~~~~~~~~~~~~~~~~~~~~~~~~~~~~~~~~~~~~~~~~~~~~~~~~~~~~~~~~~~~~~~~~~~~~~~~~~~~[m[K
[14.138s] 
[17.148s] gmake[2]: *** [CMakeFiles/input_numbers.dir/build.make:76: CMakeFiles/input_numbers.dir/src/input_numbers.cpp.o] Error 1
[17.148s] gmake[1]: *** [CMakeFiles/Makefile2:137: CMakeFiles/input_numbers.dir/all] Error 2
[17.149s] gmake: *** [Makefile:146: all] Error 2
[17.150s] Invoked command in '/home/asd/ros2_ws/build/input_numbers' returned '2': /usr/bin/cmake --build /home/asd/ros2_ws/build/input_numbers -- -j4 -l4
