[0.047s] Invoking command in '/home/asd/ros2_ws/build/input_numbers': AMENT_PREFIX_PATH=/home/asd/ros2_ws/install/my_package:${AMENT_PREFIX_PATH} CMAKE_PREFIX_PATH=/home/asd/ros2_ws/install/my_package LD_LIBRARY_PATH=/home/asd/ros2_ws/install/my_package/lib:${LD_LIBRARY_PATH} PYTHONPATH=/home/asd/ros2_ws/install/my_package/lib/python3.10/site-packages:${PYTHONPATH} /usr/bin/cmake --build /home/asd/ros2_ws/build/input_numbers -- -j4 -l4
[0.151s] -- Found ament_cmake: 2.0.4 (/opt/ros/iron/share/ament_cmake/cmake)
[0.678s] -- Found rclcpp: 21.0.5 (/opt/ros/iron/share/rclcpp/cmake)
[0.819s] -- Found rosidl_generator_c: 4.0.1 (/opt/ros/iron/share/rosidl_generator_c/cmake)
[0.868s] -- Found rosidl_generator_cpp: 4.0.1 (/opt/ros/iron/share/rosidl_generator_cpp/cmake)
[0.944s] -- Using all available rosidl_typesupport_c: rosidl_typesupport_fastrtps_c;rosidl_typesupport_introspection_c
[1.034s] -- Using all available rosidl_typesupport_cpp: rosidl_typesupport_fastrtps_cpp;rosidl_typesupport_introspection_cpp
[2.261s] -- Found rmw_implementation_cmake: 7.1.0 (/opt/ros/iron/share/rmw_implementation_cmake/cmake)
[2.267s] -- Found rmw_fastrtps_cpp: 7.1.3 (/opt/ros/iron/share/rmw_fastrtps_cpp/cmake)
[2.851s] -- Using RMW implementation 'rmw_fastrtps_cpp' as default
[4.154s] -- Found my_package: 0.0.0 (/home/asd/ros2_ws/install/my_package/share/my_package/cmake)
[7.252s] -- Configuring done
[7.318s] -- Generating done
[7.327s] -- Build files have been written to: /home/asd/ros2_ws/build/input_numbers
[7.434s] [35m[1mConsolidate compiler generated dependencies of target input_numbers[0m
[7.520s] [ 50%] [32mBuilding CXX object CMakeFiles/input_numbers.dir/src/input_numbers.cpp.o[0m
[16.406s] [01m[K/home/asd/ros2_ws/src/input_numbers/src/input_numbers.cpp:62:31:[m[K [01;31m[Kerror: [m[Kâ€˜[01m[Kmy_package[m[Kâ€™ was not declared in this scope
[16.406s]    62 |         const std::shared_ptr<[01;31m[Kmy_package[m[K::srv::AddTwoInts2::Request> request,
[16.407s]       |                               [01;31m[K^~~~~~~~~~[m[K
[16.407s] [01m[K/home/asd/ros2_ws/src/input_numbers/src/input_numbers.cpp:62:68:[m[K [01;31m[Kerror: [m[Ktemplate argument 1 is invalid
[16.407s]    62 |   const std::shared_ptr<my_package::srv::AddTwoInts2::Request[01;31m[K>[m[K request,
[16.407s]       |                                                              [01;31m[K^[m[K
[16.408s] 
[16.431s] [01m[K/home/asd/ros2_ws/src/input_numbers/src/input_numbers.cpp:62:31:[m[K [01;31m[Kerror: [m[Kâ€˜[01m[Kmy_package[m[Kâ€™ was not declared in this scope
[16.432s]    62 |         const std::shared_ptr<[01;31m[Kmy_package[m[K::srv::AddTwoInts2::Request> request,
[16.432s]       |                               [01;31m[K^~~~~~~~~~[m[K
[16.432s] [01m[K/home/asd/ros2_ws/src/input_numbers/src/input_numbers.cpp:62:68:[m[K [01;31m[Kerror: [m[Ktemplate argument 1 is invalid
[16.432s]    62 |   const std::shared_ptr<my_package::srv::AddTwoInts2::Request[01;31m[K>[m[K request,
[16.433s]       |                                                              [01;31m[K^[m[K
[16.433s] 
[16.461s] [01m[K/home/asd/ros2_ws/src/input_numbers/src/input_numbers.cpp:62:31:[m[K [01;31m[Kerror: [m[Kâ€˜[01m[Kmy_package[m[Kâ€™ was not declared in this scope
[16.461s]    62 |         const std::shared_ptr<[01;31m[Kmy_package[m[K::srv::AddTwoInts2::Request> request,
[16.462s]       |                               [01;31m[K^~~~~~~~~~[m[K
[16.462s] [01m[K/home/asd/ros2_ws/src/input_numbers/src/input_numbers.cpp:62:68:[m[K [01;31m[Kerror: [m[Ktemplate argument 1 is invalid
[16.462s]    62 |   const std::shared_ptr<my_package::srv::AddTwoInts2::Request[01;31m[K>[m[K request,
[16.462s]       |                                                              [01;31m[K^[m[K
[16.463s] 
[16.463s] [01m[K/home/asd/ros2_ws/src/input_numbers/src/input_numbers.cpp:62:15:[m[K [01;31m[Kerror: [m[Kinvalid template-id
[16.463s]    62 |         const [01;31m[Kstd[m[K::shared_ptr<my_package::srv::AddTwoInts2::Request> request,
[16.464s]       |               [01;31m[K^~~[m[K
[16.464s] [01m[K/home/asd/ros2_ws/src/input_numbers/src/input_numbers.cpp:62:31:[m[K [01;31m[Kerror: [m[Kâ€˜[01m[Kmy_package[m[Kâ€™ has not been declared
[16.464s]    62 |         const std::shared_ptr<[01;31m[Kmy_package[m[K::srv::AddTwoInts2::Request> request,
[16.465s]       |                               [01;31m[K^~~~~~~~~~[m[K
[16.465s] [01m[K/home/asd/ros2_ws/src/input_numbers/src/input_numbers.cpp:62:9:[m[K [01;31m[Kerror: [m[Kclass template placeholder â€˜[01m[Kstd::shared_ptr[m[Kâ€™ not permitted in this context
[16.465s]    62 |         [01;31m[Kconst[m[K std::shared_ptr<my_package::srv::AddTwoInts2::Request> request,
[16.465s]       |         [01;31m[K^~~~~[m[K
[16.493s] [01m[K/home/asd/ros2_ws/src/input_numbers/src/input_numbers.cpp:63:25:[m[K [01;31m[Kerror: [m[Kâ€˜[01m[Kmy_package[m[Kâ€™ was not declared in this scope
[16.494s]    63 |         std::shared_ptr<[01;31m[Kmy_package[m[K::srv::AddTwoInts2::Response> response)
[16.494s]       |                         [01;31m[K^~~~~~~~~~[m[K
[16.494s] [01m[K/home/asd/ros2_ws/src/input_numbers/src/input_numbers.cpp:63:63:[m[K [01;31m[Kerror: [m[Ktemplate argument 1 is invalid
[16.494s]    63 |       std::shared_ptr<my_package::srv::AddTwoInts2::Response[01;31m[K>[m[K response)
[16.495s]       |                                                             [01;31m[K^[m[K
[16.495s] 
[16.526s] [01m[K/home/asd/ros2_ws/src/input_numbers/src/input_numbers.cpp:63:25:[m[K [01;31m[Kerror: [m[Kâ€˜[01m[Kmy_package[m[Kâ€™ was not declared in this scope
[16.527s]    63 |         std::shared_ptr<[01;31m[Kmy_package[m[K::srv::AddTwoInts2::Response> response)
[16.527s]       |                         [01;31m[K^~~~~~~~~~[m[K
[16.527s] [01m[K/home/asd/ros2_ws/src/input_numbers/src/input_numbers.cpp:63:63:[m[K [01;31m[Kerror: [m[Ktemplate argument 1 is invalid
[16.527s]    63 |       std::shared_ptr<my_package::srv::AddTwoInts2::Response[01;31m[K>[m[K response)
[16.528s]       |                                                             [01;31m[K^[m[K
[16.528s] 
[16.550s] [01m[K/home/asd/ros2_ws/src/input_numbers/src/input_numbers.cpp:63:25:[m[K [01;31m[Kerror: [m[Kâ€˜[01m[Kmy_package[m[Kâ€™ was not declared in this scope
[16.550s]    63 |         std::shared_ptr<[01;31m[Kmy_package[m[K::srv::AddTwoInts2::Response> response)
[16.550s]       |                         [01;31m[K^~~~~~~~~~[m[K
[16.551s] [01m[K/home/asd/ros2_ws/src/input_numbers/src/input_numbers.cpp:63:63:[m[K [01;31m[Kerror: [m[Ktemplate argument 1 is invalid
[16.551s]    63 |       std::shared_ptr<my_package::srv::AddTwoInts2::Response[01;31m[K>[m[K response)
[16.551s]       |                                                             [01;31m[K^[m[K
[16.551s] 
[16.552s] [01m[K/home/asd/ros2_ws/src/input_numbers/src/input_numbers.cpp:63:9:[m[K [01;31m[Kerror: [m[Kinvalid template-id
[16.552s]    63 |         [01;31m[Kstd[m[K::shared_ptr<my_package::srv::AddTwoInts2::Response> response)
[16.552s]       |         [01;31m[K^~~[m[K
[16.553s] [01m[K/home/asd/ros2_ws/src/input_numbers/src/input_numbers.cpp:63:25:[m[K [01;31m[Kerror: [m[Kâ€˜[01m[Kmy_package[m[Kâ€™ has not been declared
[16.553s]    63 |         std::shared_ptr<[01;31m[Kmy_package[m[K::srv::AddTwoInts2::Response> response)
[16.553s]       |                         [01;31m[K^~~~~~~~~~[m[K
[16.553s] [01m[K/home/asd/ros2_ws/src/input_numbers/src/input_numbers.cpp:63:9:[m[K [01;31m[Kerror: [m[Kclass template placeholder â€˜[01m[Kstd::shared_ptr[m[Kâ€™ not permitted in this context
[16.554s]    63 |         [01;31m[Kstd[m[K::shared_ptr<my_package::srv::AddTwoInts2::Response> response)
[16.554s]       |         [01;31m[K^~~[m[K
[16.573s] [01m[K/home/asd/ros2_ws/src/input_numbers/src/input_numbers.cpp:[m[K In member function â€˜[01m[Kvoid InputNumbers::add(...)[m[Kâ€™:
[16.573s] [01m[K/home/asd/ros2_ws/src/input_numbers/src/input_numbers.cpp:66:9:[m[K [01;31m[Kerror: [m[Kâ€˜[01m[Kresponse[m[Kâ€™ was not declared in this scope
[16.573s]    66 |         [01;31m[Kresponse[m[K->sum = request->a / request->b;
[16.574s]       |         [01;31m[K^~~~~~~~[m[K
[16.593s] [01m[K/home/asd/ros2_ws/src/input_numbers/src/input_numbers.cpp:66:25:[m[K [01;31m[Kerror: [m[Kâ€˜[01m[Krequest[m[Kâ€™ was not declared in this scope
[16.593s]    66 |         response->sum = [01;31m[Krequest[m[K->a / request->b;
[16.594s]       |                         [01;31m[K^~~~~~~[m[K
[16.619s] [01m[K/home/asd/ros2_ws/src/input_numbers/src/input_numbers.cpp:[m[K In function â€˜[01m[Kint main(int, char**)[m[Kâ€™:
[16.619s] [01m[K/home/asd/ros2_ws/src/input_numbers/src/input_numbers.cpp:78:41:[m[K [01;31m[Kerror: [m[Kâ€˜[01m[Kmy_package[m[Kâ€™ was not declared in this scope
[16.619s]    78 |     auto service = node->create_service<[01;31m[Kmy_package[m[K::srv::AddTwoInts2>(
[16.620s]       |                                         [01;31m[K^~~~~~~~~~[m[K
[16.620s] [01m[K/home/asd/ros2_ws/src/input_numbers/src/input_numbers.cpp:78:26:[m[K [01;31m[Kerror: [m[Kparse error in template argument list
[16.621s]    78 |     auto service = node->[01;31m[Kcreate_service<my_package::srv::AddTwoInts2>[m[K(
[16.621s]       |                          [01;31m[K^~~~~~~~~~~~~~~~~~~~~~~~~~~~~~~~~~~~~~~~~~~~[m[K
[16.621s] [01m[K/home/asd/ros2_ws/src/input_numbers/src/input_numbers.cpp:78:70:[m[K [01;31m[Kerror: [m[Kno matching function for call to â€˜[01m[KInputNumbers::create_service<<expression error> >(const char [13], void (InputNumbers::*)(...))[m[Kâ€™
[16.621s]    78 |     auto service = [01;31m[Knode->create_service<my_package::srv::AddTwoInts2>([m[K
[16.622s]       |                    [01;31m[K~~~~~~~~~~~~~~~~~~~~~~~~~~~~~~~~~~~~~~~~~~~~~~~~~~^[m[K
[16.622s]    79 | [01;31m[K        "add_two_ints", &InputNumbers::add)[m[K;
[16.622s]       |         [01;31m[K~~~~~~~~~~~~~~~~~~~~~~~~~~~~~~~~~~~[m[K                           
[16.622s] In file included from [01m[K/opt/ros/iron/include/rclcpp/rclcpp/executors/single_threaded_executor.hpp:28[m[K,
[16.623s]                  from [01m[K/opt/ros/iron/include/rclcpp/rclcpp/executors.hpp:22[m[K,
[16.623s]                  from [01m[K/opt/ros/iron/include/rclcpp/rclcpp/rclcpp.hpp:167[m[K,
[16.623s]                  from [01m[K/home/asd/ros2_ws/src/input_numbers/src/input_numbers.cpp:1[m[K:
[16.624s] [01m[K/opt/ros/iron/include/rclcpp/rclcpp/node.hpp:299:3:[m[K [01;36m[Knote: [m[Kcandidate: â€˜[01m[Ktemplate<class ServiceT, class CallbackT> typename rclcpp::Service<ServiceT>::SharedPtr rclcpp::Node::create_service(const string&, CallbackT&&, const rmw_qos_profile_t&, rclcpp::CallbackGroup::SharedPtr)[m[Kâ€™
[16.624s]   299 |   [01;36m[Kcreate_service[m[K(
[16.624s]       |   [01;36m[K^~~~~~~~~~~~~~[m[K
[16.624s] [01m[K/opt/ros/iron/include/rclcpp/rclcpp/node.hpp:299:3:[m[K [01;36m[Knote: [m[K  template argument deduction/substitution failed:
[16.625s] [01m[K/home/asd/ros2_ws/src/input_numbers/src/input_numbers.cpp:78:70:[m[K [01;31m[Kerror: [m[Ktemplate argument 1 is invalid
[16.625s]    78 |     auto service = [01;31m[Knode->create_service<my_package::srv::AddTwoInts2>([m[K
[16.625s]       |                    [01;31m[K~~~~~~~~~~~~~~~~~~~~~~~~~~~~~~~~~~~~~~~~~~~~~~~~~~^[m[K
[16.625s]    79 | [01;31m[K        "add_two_ints", &InputNumbers::add)[m[K;
[16.626s]       |         [01;31m[K~~~~~~~~~~~~~~~~~~~~~~~~~~~~~~~~~~~[m[K                           
[16.626s] In file included from [01m[K/opt/ros/iron/include/rclcpp/rclcpp/executors/single_threaded_executor.hpp:28[m[K,
[16.626s]                  from [01m[K/opt/ros/iron/include/rclcpp/rclcpp/executors.hpp:22[m[K,
[16.626s]                  from [01m[K/opt/ros/iron/include/rclcpp/rclcpp/rclcpp.hpp:167[m[K,
[16.627s]                  from [01m[K/home/asd/ros2_ws/src/input_numbers/src/input_numbers.cpp:1[m[K:
[16.627s] [01m[K/opt/ros/iron/include/rclcpp/rclcpp/node.hpp:315:3:[m[K [01;36m[Knote: [m[Kcandidate: â€˜[01m[Ktemplate<class ServiceT, class CallbackT> typename rclcpp::Service<ServiceT>::SharedPtr rclcpp::Node::create_service(const string&, CallbackT&&, const rclcpp::QoS&, rclcpp::CallbackGroup::SharedPtr)[m[Kâ€™
[16.627s]   315 |   [01;36m[Kcreate_service[m[K(
[16.628s]       |   [01;36m[K^~~~~~~~~~~~~~[m[K
[16.628s] [01m[K/opt/ros/iron/include/rclcpp/rclcpp/node.hpp:315:3:[m[K [01;36m[Knote: [m[K  template argument deduction/substitution failed:
[16.628s] [01m[K/home/asd/ros2_ws/src/input_numbers/src/input_numbers.cpp:78:70:[m[K [01;31m[Kerror: [m[Ktemplate argument 1 is invalid
[16.629s]    78 |     auto service = [01;31m[Knode->create_service<my_package::srv::AddTwoInts2>([m[K
[16.629s]       |                    [01;31m[K~~~~~~~~~~~~~~~~~~~~~~~~~~~~~~~~~~~~~~~~~~~~~~~~~~^[m[K
[16.629s]    79 | [01;31m[K        "add_two_ints", &InputNumbers::add)[m[K;
[16.629s]       |         [01;31m[K~~~~~~~~~~~~~~~~~~~~~~~~~~~~~~~~~~~[m[K                           
[19.369s] gmake[2]: *** [CMakeFiles/input_numbers.dir/build.make:76: CMakeFiles/input_numbers.dir/src/input_numbers.cpp.o] Error 1
[19.382s] gmake[1]: *** [CMakeFiles/Makefile2:137: CMakeFiles/input_numbers.dir/all] Error 2
[19.382s] gmake: *** [Makefile:146: all] Error 2
[19.395s] Invoked command in '/home/asd/ros2_ws/build/input_numbers' returned '2': AMENT_PREFIX_PATH=/home/asd/ros2_ws/install/my_package:${AMENT_PREFIX_PATH} CMAKE_PREFIX_PATH=/home/asd/ros2_ws/install/my_package LD_LIBRARY_PATH=/home/asd/ros2_ws/install/my_package/lib:${LD_LIBRARY_PATH} PYTHONPATH=/home/asd/ros2_ws/install/my_package/lib/python3.10/site-packages:${PYTHONPATH} /usr/bin/cmake --build /home/asd/ros2_ws/build/input_numbers -- -j4 -l4
