[01m[K/home/asd/ros2_ws/src/simple_div/src/simple_div.cpp:14:29:[m[K [01;31m[Kerror: [m[Kâ€˜[01m[Ksimple_div[m[Kâ€™ does not name a type; did you mean â€˜[01m[KSimpleDiv[m[Kâ€™?
   14 |     void div_callback(const [01;31m[Ksimple_div[m[K::msg::TwoFloats::SharedPtr msg) const
      |                             [01;31m[K^~~~~~~~~~[m[K
      |                             [32m[KSimpleDiv[m[K
[01m[K/home/asd/ros2_ws/src/simple_div/src/simple_div.cpp:14:44:[m[K [01;31m[Kerror: [m[Kexpected unqualified-id before â€˜[01m[K::[m[Kâ€™ token
   14 |     void div_callback(const simple_div::msg[01;31m[K::[m[KTwoFloats::SharedPtr msg) const
      |                                            [01;31m[K^~[m[K
[01m[K/home/asd/ros2_ws/src/simple_div/src/simple_div.cpp:14:44:[m[K [01;31m[Kerror: [m[Kexpected â€˜[01m[K)[m[Kâ€™ before â€˜[01m[K::[m[Kâ€™ token
   14 |     void div_callback[34m[K([m[Kconst simple_div::msg[01;31m[K:[m[K[32m[K:[m[KTwoFloats::SharedPtr msg) const
      |                      [34m[K~[m[K                     [01;31m[K^[m[K[32m[K~[m[K
      |                                            [32m[K)[m[K
[01m[K/home/asd/ros2_ws/src/simple_div/src/simple_div.cpp:14:41:[m[K [01;31m[Kerror: [m[Kexpected â€˜[01m[K;[m[Kâ€™ at end of member declaration
   14 |     void div_callback(const simple_div::[01;31m[Kmsg[m[K::TwoFloats::SharedPtr msg) const
      |                                         [01;31m[K^~~[m[K
      |                                            [32m[K;[m[K
[01m[K/home/asd/ros2_ws/src/simple_div/src/simple_div.cpp:14:46:[m[K [01;31m[Kerror: [m[Kâ€˜[01m[KTwoFloats[m[Kâ€™ in namespace â€˜[01m[K::[m[Kâ€™ does not name a type
   14 |     void div_callback(const simple_div::msg::[01;31m[KTwoFloats[m[K::SharedPtr msg) const
      |                                              [01;31m[K^~~~~~~~~[m[K
[01m[K/home/asd/ros2_ws/src/simple_div/src/simple_div.cpp:23:26:[m[K [01;31m[Kerror: [m[Kâ€˜[01m[Ksimple_div[m[Kâ€™ was not declared in this scope; did you mean â€˜[01m[KSimpleDiv[m[Kâ€™?
   23 |     rclcpp::Subscription<[01;31m[Ksimple_div[m[K::msg::TwoFloats>::SharedPtr subscription_;
      |                          [01;31m[K^~~~~~~~~~[m[K
      |                          [32m[KSimpleDiv[m[K
[01m[K/home/asd/ros2_ws/src/simple_div/src/simple_div.cpp:23:52:[m[K [01;31m[Kerror: [m[Ktemplate argument 1 is invalid
   23 |     rclcpp::Subscription<simple_div::msg::TwoFloats[01;31m[K>[m[K::SharedPtr subscription_;
      |                                                    [01;31m[K^[m[K
[01m[K/home/asd/ros2_ws/src/simple_div/src/simple_div.cpp:23:52:[m[K [01;31m[Kerror: [m[Ktemplate argument 3 is invalid
[01m[K/home/asd/ros2_ws/src/simple_div/src/simple_div.cpp:23:52:[m[K [01;31m[Kerror: [m[Ktemplate argument 4 is invalid
[01m[K/home/asd/ros2_ws/src/simple_div/src/simple_div.cpp:23:52:[m[K [01;31m[Kerror: [m[Ktemplate argument 5 is invalid
[01m[K/home/asd/ros2_ws/src/simple_div/src/simple_div.cpp:23:55:[m[K [01;31m[Kerror: [m[Kexpected â€˜[01m[K;[m[Kâ€™ at end of member declaration
   23 |     rclcpp::Subscription<simple_div::msg::TwoFloats>::[01;31m[KSharedPtr[m[K subscription_;
      |                                                       [01;31m[K^~~~~~~~~[m[K
      |                                                                [32m[K;[m[K
[01m[K/home/asd/ros2_ws/src/simple_div/src/simple_div.cpp:23:65:[m[K [01;31m[Kerror: [m[Kâ€˜[01m[Ksubscription_[m[Kâ€™ does not name a type; did you mean â€˜[01m[Krmw_subscription_t[m[Kâ€™?
   23 | rclcpp::Subscription<simple_div::msg::TwoFloats>::SharedPtr [01;31m[Ksubscription_[m[K;
      |                                                             [01;31m[K^~~~~~~~~~~~~[m[K
      |                                                             [32m[Krmw_subscription_t[m[K
[01m[K/home/asd/ros2_ws/src/simple_div/src/simple_div.cpp:[m[K In constructor â€˜[01m[KSimpleDiv::SimpleDiv()[m[Kâ€™:
[01m[K/home/asd/ros2_ws/src/simple_div/src/simple_div.cpp:9:9:[m[K [01;31m[Kerror: [m[Kâ€˜[01m[Ksubscription_[m[Kâ€™ was not declared in this scope; did you mean â€˜[01m[Krmw_subscription_t[m[Kâ€™?
    9 |         [01;31m[Ksubscription_[m[K = this->create_subscription<simple_div::msg::TwoFloats>(
      |         [01;31m[K^~~~~~~~~~~~~[m[K
      |         [32m[Krmw_subscription_t[m[K
[01m[K/home/asd/ros2_ws/src/simple_div/src/simple_div.cpp:9:51:[m[K [01;31m[Kerror: [m[Kâ€˜[01m[Ksimple_div[m[Kâ€™ was not declared in this scope; did you mean â€˜[01m[KSimpleDiv[m[Kâ€™?
    9 |         subscription_ = this->create_subscription<[01;31m[Ksimple_div[m[K::msg::TwoFloats>(
      |                                                   [01;31m[K^~~~~~~~~~[m[K
      |                                                   [32m[KSimpleDiv[m[K
[01m[K/home/asd/ros2_ws/src/simple_div/src/simple_div.cpp:9:31:[m[K [01;31m[Kerror: [m[Kparse error in template argument list
    9 |         subscription_ = this->[01;31m[Kcreate_subscription<simple_div::msg::TwoFloats>[m[K(
      |                               [01;31m[K^~~~~~~~~~~~~~~~~~~~~~~~~~~~~~~~~~~~~~~~~~~~~~~[m[K
[01m[K/home/asd/ros2_ws/src/simple_div/src/simple_div.cpp:9:78:[m[K [01;31m[Kerror: [m[Kno matching function for call to â€˜[01m[KSimpleDiv::create_subscription<<expression error> >(const char [14], int, std::_Bind_helper<false, void (SimpleDiv::*)(...), SimpleDiv*, const std::_Placeholder<1>&>::type)[m[Kâ€™
    9 |  subscription_ = [01;31m[Kthis->create_subscription<simple_div::msg::TwoFloats>([m[K
      |                  [01;31m[K~~~~~~~~~~~~~~~~~~~~~~~~~~~~~~~~~~~~~~~~~~~~~~~~~~~~~^[m[K

   10 | [01;31m[K     "input_numbers", 10, std::bind(&SimpleDiv::div_callback, this, std::placeholders::_1))[m[K;
      |      [01;31m[K~~~~~~~~~~~~~~~~~~~~~~~~~~~~~~~~~~~~~~~~~~~~~~~~~~~~~~~~~~~~~~~~~~~~~~~~~~~~~~~~~~~~~~[m[K

In file included from [01m[K/opt/ros/iron/include/rclcpp/rclcpp/executors/single_threaded_executor.hpp:28[m[K,
                 from [01m[K/opt/ros/iron/include/rclcpp/rclcpp/executors.hpp:22[m[K,
                 from [01m[K/opt/ros/iron/include/rclcpp/rclcpp/rclcpp.hpp:167[m[K,
                 from [01m[K/home/asd/ros2_ws/src/simple_div/src/simple_div.cpp:1[m[K:
[01m[K/opt/ros/iron/include/rclcpp/rclcpp/node.hpp:220:3:[m[K [01;36m[Knote: [m[Kcandidate: â€˜[01m[Ktemplate<class MessageT, class CallbackT, class AllocatorT, class SubscriptionT, class MessageMemoryStrategyT> std::shared_ptr<ROSMessageT> rclcpp::Node::create_subscription(const string&, const rclcpp::QoS&, CallbackT&&, const rclcpp::SubscriptionOptionsWithAllocator<AllocatorT>&, typename MessageMemoryStrategyT::SharedPtr)[m[Kâ€™
  220 |   [01;36m[Kcreate_subscription[m[K(
      |   [01;36m[K^~~~~~~~~~~~~~~~~~~[m[K
[01m[K/opt/ros/iron/include/rclcpp/rclcpp/node.hpp:220:3:[m[K [01;36m[Knote: [m[K  template argument deduction/substitution failed:
[01m[K/home/asd/ros2_ws/src/simple_div/src/simple_div.cpp:9:78:[m[K [01;31m[Kerror: [m[Ktemplate argument 1 is invalid
    9 |  subscription_ = [01;31m[Kthis->create_subscription<simple_div::msg::TwoFloats>([m[K
      |                  [01;31m[K~~~~~~~~~~~~~~~~~~~~~~~~~~~~~~~~~~~~~~~~~~~~~~~~~~~~~^[m[K

   10 | [01;31m[K     "input_numbers", 10, std::bind(&SimpleDiv::div_callback, this, std::placeholders::_1))[m[K;
      |      [01;31m[K~~~~~~~~~~~~~~~~~~~~~~~~~~~~~~~~~~~~~~~~~~~~~~~~~~~~~~~~~~~~~~~~~~~~~~~~~~~~~~~~~~~~~~[m[K

gmake[2]: *** [CMakeFiles/server.dir/build.make:76: CMakeFiles/server.dir/src/simple_div.cpp.o] Error 1
gmake[1]: *** [CMakeFiles/Makefile2:137: CMakeFiles/server.dir/all] Error 2
gmake: *** [Makefile:146: all] Error 2
