[0.052s] Invoking command in '/home/asd/ros2_ws/build/div': AMENT_PREFIX_PATH=/home/asd/ros2_ws/install/my_package:${AMENT_PREFIX_PATH} CMAKE_PREFIX_PATH=/home/asd/ros2_ws/install/my_package:/opt/ros/iron LD_LIBRARY_PATH=/home/asd/ros2_ws/install/my_package/lib:${LD_LIBRARY_PATH} PYTHONPATH=/home/asd/ros2_ws/install/my_package/lib/python3.10/site-packages:${PYTHONPATH} /usr/bin/cmake --build /home/asd/ros2_ws/build/div -- -j4 -l4
[0.291s] [35m[1mConsolidate compiler generated dependencies of target client[0m
[0.314s] [ 50%] Built target server
[0.374s] [ 75%] [32mBuilding CXX object CMakeFiles/client.dir/src/div_client.cpp.o[0m
[10.126s] [01m[K/home/asd/ros2_ws/src/div/src/div_client.cpp:[m[K In function â€˜[01m[Kint main(int, char**)[m[Kâ€™:
[10.127s] [01m[K/home/asd/ros2_ws/src/div/src/div_client.cpp:52:40:[m[K [01;31m[Kerror: [m[Kinvalid initialization of reference of type â€˜[01m[Kconst string&[m[Kâ€™ {aka â€˜[01m[Kconst std::__cxx11::basic_string<char>&[m[Kâ€™} from expression of type â€˜[01m[Kchar[m[Kâ€™
[10.127s]    52 |     if (!isStringAValidNumber([01;31m[Kargv[1][0][m[K) || !isStringAValidNumber(argv[2][0]) ) {
[10.127s]       |                               [01;31m[K~~~~~~~~~^[m[K
[10.128s] [01m[K/home/asd/ros2_ws/src/div/src/div_client.cpp:12:46:[m[K [01;36m[Knote: [m[Kin passing argument 1 of â€˜[01m[Kbool isStringAValidNumber(const string&)[m[Kâ€™
[10.128s]    12 | bool isStringAValidNumber([01;36m[Kconst std::string& str[m[K) {
[10.128s]       |                           [01;36m[K~~~~~~~~~~~~~~~~~~~^~~[m[K
[10.129s] [01m[K/home/asd/ros2_ws/src/div/src/div_client.cpp:52:77:[m[K [01;31m[Kerror: [m[Kinvalid initialization of reference of type â€˜[01m[Kconst string&[m[Kâ€™ {aka â€˜[01m[Kconst std::__cxx11::basic_string<char>&[m[Kâ€™} from expression of type â€˜[01m[Kchar[m[Kâ€™
[10.129s]    52 |     if (!isStringAValidNumber(argv[1][0]) || !isStringAValidNumber([01;31m[Kargv[2][0][m[K) ) {
[10.130s]       |                                                                    [01;31m[K~~~~~~~~~^[m[K
[10.130s] [01m[K/home/asd/ros2_ws/src/div/src/div_client.cpp:12:46:[m[K [01;36m[Knote: [m[Kin passing argument 1 of â€˜[01m[Kbool isStringAValidNumber(const string&)[m[Kâ€™
[10.131s]    12 | bool isStringAValidNumber([01;36m[Kconst std::string& str[m[K) {
[10.131s]       |                           [01;36m[K~~~~~~~~~~~~~~~~~~~^~~[m[K
[13.841s] gmake[2]: *** [CMakeFiles/client.dir/build.make:76: CMakeFiles/client.dir/src/div_client.cpp.o] Error 1
[13.842s] gmake[1]: *** [CMakeFiles/Makefile2:165: CMakeFiles/client.dir/all] Error 2
[13.842s] gmake: *** [Makefile:146: all] Error 2
[13.847s] Invoked command in '/home/asd/ros2_ws/build/div' returned '2': AMENT_PREFIX_PATH=/home/asd/ros2_ws/install/my_package:${AMENT_PREFIX_PATH} CMAKE_PREFIX_PATH=/home/asd/ros2_ws/install/my_package:/opt/ros/iron LD_LIBRARY_PATH=/home/asd/ros2_ws/install/my_package/lib:${LD_LIBRARY_PATH} PYTHONPATH=/home/asd/ros2_ws/install/my_package/lib/python3.10/site-packages:${PYTHONPATH} /usr/bin/cmake --build /home/asd/ros2_ws/build/div -- -j4 -l4
