[0.042s] Invoking command in '/home/asd/ros2_ws/build/input_numbers': AMENT_PREFIX_PATH=/home/asd/ros2_ws/install/my_package:${AMENT_PREFIX_PATH} CMAKE_PREFIX_PATH=/home/asd/ros2_ws/install/my_package LD_LIBRARY_PATH=/home/asd/ros2_ws/install/my_package/lib:${LD_LIBRARY_PATH} PYTHONPATH=/home/asd/ros2_ws/install/my_package/lib/python3.10/site-packages:${PYTHONPATH} /usr/bin/cmake --build /home/asd/ros2_ws/build/input_numbers -- -j4 -l4
[0.209s] [35m[1mConsolidate compiler generated dependencies of target input_numbers[0m
[0.312s] [ 50%] [32mBuilding CXX object CMakeFiles/input_numbers.dir/src/input_numbers.cpp.o[0m
[10.012s] [01m[K/home/asd/ros2_ws/src/input_numbers/src/input_numbers.cpp:62:31:[m[K [01;31m[Kerror: [m[Kâ€˜[01m[Kmy_package[m[Kâ€™ was not declared in this scope
[10.012s]    62 |         const std::shared_ptr<[01;31m[Kmy_package[m[K::srv::AddTwoInts2::Request> request,
[10.012s]       |                               [01;31m[K^~~~~~~~~~[m[K
[10.013s] [01m[K/home/asd/ros2_ws/src/input_numbers/src/input_numbers.cpp:62:68:[m[K [01;31m[Kerror: [m[Ktemplate argument 1 is invalid
[10.013s]    62 |   const std::shared_ptr<my_package::srv::AddTwoInts2::Request[01;31m[K>[m[K request,
[10.013s]       |                                                              [01;31m[K^[m[K
[10.013s] 
[10.037s] [01m[K/home/asd/ros2_ws/src/input_numbers/src/input_numbers.cpp:62:31:[m[K [01;31m[Kerror: [m[Kâ€˜[01m[Kmy_package[m[Kâ€™ was not declared in this scope
[10.037s]    62 |         const std::shared_ptr<[01;31m[Kmy_package[m[K::srv::AddTwoInts2::Request> request,
[10.037s]       |                               [01;31m[K^~~~~~~~~~[m[K
[10.037s] [01m[K/home/asd/ros2_ws/src/input_numbers/src/input_numbers.cpp:62:68:[m[K [01;31m[Kerror: [m[Ktemplate argument 1 is invalid
[10.038s]    62 |   const std::shared_ptr<my_package::srv::AddTwoInts2::Request[01;31m[K>[m[K request,
[10.038s]       |                                                              [01;31m[K^[m[K
[10.038s] 
[10.061s] [01m[K/home/asd/ros2_ws/src/input_numbers/src/input_numbers.cpp:62:31:[m[K [01;31m[Kerror: [m[Kâ€˜[01m[Kmy_package[m[Kâ€™ was not declared in this scope
[10.061s]    62 |         const std::shared_ptr<[01;31m[Kmy_package[m[K::srv::AddTwoInts2::Request> request,
[10.062s]       |                               [01;31m[K^~~~~~~~~~[m[K
[10.062s] [01m[K/home/asd/ros2_ws/src/input_numbers/src/input_numbers.cpp:62:68:[m[K [01;31m[Kerror: [m[Ktemplate argument 1 is invalid
[10.062s]    62 |   const std::shared_ptr<my_package::srv::AddTwoInts2::Request[01;31m[K>[m[K request,
[10.062s]       |                                                              [01;31m[K^[m[K
[10.063s] 
[10.063s] [01m[K/home/asd/ros2_ws/src/input_numbers/src/input_numbers.cpp:62:15:[m[K [01;31m[Kerror: [m[Kinvalid template-id
[10.063s]    62 |         const [01;31m[Kstd[m[K::shared_ptr<my_package::srv::AddTwoInts2::Request> request,
[10.064s]       |               [01;31m[K^~~[m[K
[10.064s] [01m[K/home/asd/ros2_ws/src/input_numbers/src/input_numbers.cpp:62:31:[m[K [01;31m[Kerror: [m[Kâ€˜[01m[Kmy_package[m[Kâ€™ has not been declared
[10.064s]    62 |         const std::shared_ptr<[01;31m[Kmy_package[m[K::srv::AddTwoInts2::Request> request,
[10.064s]       |                               [01;31m[K^~~~~~~~~~[m[K
[10.065s] [01m[K/home/asd/ros2_ws/src/input_numbers/src/input_numbers.cpp:62:9:[m[K [01;31m[Kerror: [m[Kclass template placeholder â€˜[01m[Kstd::shared_ptr[m[Kâ€™ not permitted in this context
[10.065s]    62 |         [01;31m[Kconst[m[K std::shared_ptr<my_package::srv::AddTwoInts2::Request> request,
[10.065s]       |         [01;31m[K^~~~~[m[K
[10.084s] [01m[K/home/asd/ros2_ws/src/input_numbers/src/input_numbers.cpp:63:25:[m[K [01;31m[Kerror: [m[Kâ€˜[01m[Kmy_package[m[Kâ€™ was not declared in this scope
[10.084s]    63 |         std::shared_ptr<[01;31m[Kmy_package[m[K::srv::AddTwoInts2::Response> response)
[10.085s]       |                         [01;31m[K^~~~~~~~~~[m[K
[10.085s] [01m[K/home/asd/ros2_ws/src/input_numbers/src/input_numbers.cpp:63:63:[m[K [01;31m[Kerror: [m[Ktemplate argument 1 is invalid
[10.085s]    63 |       std::shared_ptr<my_package::srv::AddTwoInts2::Response[01;31m[K>[m[K response)
[10.086s]       |                                                             [01;31m[K^[m[K
[10.086s] 
[10.107s] [01m[K/home/asd/ros2_ws/src/input_numbers/src/input_numbers.cpp:63:25:[m[K [01;31m[Kerror: [m[Kâ€˜[01m[Kmy_package[m[Kâ€™ was not declared in this scope
[10.107s]    63 |         std::shared_ptr<[01;31m[Kmy_package[m[K::srv::AddTwoInts2::Response> response)
[10.107s]       |                         [01;31m[K^~~~~~~~~~[m[K
[10.108s] [01m[K/home/asd/ros2_ws/src/input_numbers/src/input_numbers.cpp:63:63:[m[K [01;31m[Kerror: [m[Ktemplate argument 1 is invalid
[10.108s]    63 |       std::shared_ptr<my_package::srv::AddTwoInts2::Response[01;31m[K>[m[K response)
[10.108s]       |                                                             [01;31m[K^[m[K
[10.108s] 
[10.130s] [01m[K/home/asd/ros2_ws/src/input_numbers/src/input_numbers.cpp:63:25:[m[K [01;31m[Kerror: [m[Kâ€˜[01m[Kmy_package[m[Kâ€™ was not declared in this scope
[10.136s]    63 |         std::shared_ptr<[01;31m[Kmy_package[m[K::srv::AddTwoInts2::Response> response)
[10.136s]       |                         [01;31m[K^~~~~~~~~~[m[K
[10.137s] [01m[K/home/asd/ros2_ws/src/input_numbers/src/input_numbers.cpp:63:63:[m[K [01;31m[Kerror: [m[Ktemplate argument 1 is invalid
[10.137s]    63 |       std::shared_ptr<my_package::srv::AddTwoInts2::Response[01;31m[K>[m[K response)
[10.137s]       |                                                             [01;31m[K^[m[K
[10.138s] 
[10.138s] [01m[K/home/asd/ros2_ws/src/input_numbers/src/input_numbers.cpp:63:9:[m[K [01;31m[Kerror: [m[Kinvalid template-id
[10.138s]    63 |         [01;31m[Kstd[m[K::shared_ptr<my_package::srv::AddTwoInts2::Response> response)
[10.138s]       |         [01;31m[K^~~[m[K
[10.139s] [01m[K/home/asd/ros2_ws/src/input_numbers/src/input_numbers.cpp:63:25:[m[K [01;31m[Kerror: [m[Kâ€˜[01m[Kmy_package[m[Kâ€™ has not been declared
[10.139s]    63 |         std::shared_ptr<[01;31m[Kmy_package[m[K::srv::AddTwoInts2::Response> response)
[10.139s]       |                         [01;31m[K^~~~~~~~~~[m[K
[10.140s] [01m[K/home/asd/ros2_ws/src/input_numbers/src/input_numbers.cpp:63:9:[m[K [01;31m[Kerror: [m[Kclass template placeholder â€˜[01m[Kstd::shared_ptr[m[Kâ€™ not permitted in this context
[10.140s]    63 |         [01;31m[Kstd[m[K::shared_ptr<my_package::srv::AddTwoInts2::Response> response)
[10.140s]       |         [01;31m[K^~~[m[K
[10.154s] [01m[K/home/asd/ros2_ws/src/input_numbers/src/input_numbers.cpp:[m[K In member function â€˜[01m[Kvoid InputNumbers::add(...)[m[Kâ€™:
[10.154s] [01m[K/home/asd/ros2_ws/src/input_numbers/src/input_numbers.cpp:66:9:[m[K [01;31m[Kerror: [m[Kâ€˜[01m[Kresponse[m[Kâ€™ was not declared in this scope
[10.154s]    66 |         [01;31m[Kresponse[m[K->sum = request->a / request->b;
[10.155s]       |         [01;31m[K^~~~~~~~[m[K
[10.172s] [01m[K/home/asd/ros2_ws/src/input_numbers/src/input_numbers.cpp:66:25:[m[K [01;31m[Kerror: [m[Kâ€˜[01m[Krequest[m[Kâ€™ was not declared in this scope
[10.172s]    66 |         response->sum = [01;31m[Krequest[m[K->a / request->b;
[10.172s]       |                         [01;31m[K^~~~~~~[m[K
[10.198s] [01m[K/home/asd/ros2_ws/src/input_numbers/src/input_numbers.cpp:[m[K In function â€˜[01m[Kint main(int, char**)[m[Kâ€™:
[10.198s] [01m[K/home/asd/ros2_ws/src/input_numbers/src/input_numbers.cpp:78:41:[m[K [01;31m[Kerror: [m[Kâ€˜[01m[Kmy_package[m[Kâ€™ was not declared in this scope
[10.198s]    78 |     auto service = node->create_service<[01;31m[Kmy_package[m[K::srv::AddTwoInts2>(
[10.198s]       |                                         [01;31m[K^~~~~~~~~~[m[K
[10.199s] [01m[K/home/asd/ros2_ws/src/input_numbers/src/input_numbers.cpp:78:26:[m[K [01;31m[Kerror: [m[Kparse error in template argument list
[10.199s]    78 |     auto service = node->[01;31m[Kcreate_service<my_package::srv::AddTwoInts2>[m[K(
[10.199s]       |                          [01;31m[K^~~~~~~~~~~~~~~~~~~~~~~~~~~~~~~~~~~~~~~~~~~~[m[K
[10.200s] [01m[K/home/asd/ros2_ws/src/input_numbers/src/input_numbers.cpp:78:70:[m[K [01;31m[Kerror: [m[Kno matching function for call to â€˜[01m[KInputNumbers::create_service<<expression error> >(const char [13], void (InputNumbers::*)(...))[m[Kâ€™
[10.200s]    78 |     auto service = [01;31m[Knode->create_service<my_package::srv::AddTwoInts2>([m[K
[10.200s]       |                    [01;31m[K~~~~~~~~~~~~~~~~~~~~~~~~~~~~~~~~~~~~~~~~~~~~~~~~~~^[m[K
[10.200s]    79 | [01;31m[K        "add_two_ints", &InputNumbers::add)[m[K;
[10.201s]       |         [01;31m[K~~~~~~~~~~~~~~~~~~~~~~~~~~~~~~~~~~~[m[K                           
[10.201s] In file included from [01m[K/opt/ros/iron/include/rclcpp/rclcpp/executors/single_threaded_executor.hpp:28[m[K,
[10.201s]                  from [01m[K/opt/ros/iron/include/rclcpp/rclcpp/executors.hpp:22[m[K,
[10.201s]                  from [01m[K/opt/ros/iron/include/rclcpp/rclcpp/rclcpp.hpp:167[m[K,
[10.202s]                  from [01m[K/home/asd/ros2_ws/src/input_numbers/src/input_numbers.cpp:1[m[K:
[10.202s] [01m[K/opt/ros/iron/include/rclcpp/rclcpp/node.hpp:299:3:[m[K [01;36m[Knote: [m[Kcandidate: â€˜[01m[Ktemplate<class ServiceT, class CallbackT> typename rclcpp::Service<ServiceT>::SharedPtr rclcpp::Node::create_service(const string&, CallbackT&&, const rmw_qos_profile_t&, rclcpp::CallbackGroup::SharedPtr)[m[Kâ€™
[10.202s]   299 |   [01;36m[Kcreate_service[m[K(
[10.202s]       |   [01;36m[K^~~~~~~~~~~~~~[m[K
[10.203s] [01m[K/opt/ros/iron/include/rclcpp/rclcpp/node.hpp:299:3:[m[K [01;36m[Knote: [m[K  template argument deduction/substitution failed:
[10.203s] [01m[K/home/asd/ros2_ws/src/input_numbers/src/input_numbers.cpp:78:70:[m[K [01;31m[Kerror: [m[Ktemplate argument 1 is invalid
[10.203s]    78 |     auto service = [01;31m[Knode->create_service<my_package::srv::AddTwoInts2>([m[K
[10.204s]       |                    [01;31m[K~~~~~~~~~~~~~~~~~~~~~~~~~~~~~~~~~~~~~~~~~~~~~~~~~~^[m[K
[10.204s]    79 | [01;31m[K        "add_two_ints", &InputNumbers::add)[m[K;
[10.204s]       |         [01;31m[K~~~~~~~~~~~~~~~~~~~~~~~~~~~~~~~~~~~[m[K                           
[10.204s] In file included from [01m[K/opt/ros/iron/include/rclcpp/rclcpp/executors/single_threaded_executor.hpp:28[m[K,
[10.205s]                  from [01m[K/opt/ros/iron/include/rclcpp/rclcpp/executors.hpp:22[m[K,
[10.205s]                  from [01m[K/opt/ros/iron/include/rclcpp/rclcpp/rclcpp.hpp:167[m[K,
[10.205s]                  from [01m[K/home/asd/ros2_ws/src/input_numbers/src/input_numbers.cpp:1[m[K:
[10.206s] [01m[K/opt/ros/iron/include/rclcpp/rclcpp/node.hpp:315:3:[m[K [01;36m[Knote: [m[Kcandidate: â€˜[01m[Ktemplate<class ServiceT, class CallbackT> typename rclcpp::Service<ServiceT>::SharedPtr rclcpp::Node::create_service(const string&, CallbackT&&, const rclcpp::QoS&, rclcpp::CallbackGroup::SharedPtr)[m[Kâ€™
[10.206s]   315 |   [01;36m[Kcreate_service[m[K(
[10.206s]       |   [01;36m[K^~~~~~~~~~~~~~[m[K
[10.206s] [01m[K/opt/ros/iron/include/rclcpp/rclcpp/node.hpp:315:3:[m[K [01;36m[Knote: [m[K  template argument deduction/substitution failed:
[10.207s] [01m[K/home/asd/ros2_ws/src/input_numbers/src/input_numbers.cpp:78:70:[m[K [01;31m[Kerror: [m[Ktemplate argument 1 is invalid
[10.207s]    78 |     auto service = [01;31m[Knode->create_service<my_package::srv::AddTwoInts2>([m[K
[10.207s]       |                    [01;31m[K~~~~~~~~~~~~~~~~~~~~~~~~~~~~~~~~~~~~~~~~~~~~~~~~~~^[m[K
[10.207s]    79 | [01;31m[K        "add_two_ints", &InputNumbers::add)[m[K;
[10.208s]       |         [01;31m[K~~~~~~~~~~~~~~~~~~~~~~~~~~~~~~~~~~~[m[K                           
[13.169s] gmake[2]: *** [CMakeFiles/input_numbers.dir/build.make:76: CMakeFiles/input_numbers.dir/src/input_numbers.cpp.o] Error 1
[13.173s] gmake[1]: *** [CMakeFiles/Makefile2:137: CMakeFiles/input_numbers.dir/all] Error 2
[13.173s] gmake: *** [Makefile:146: all] Error 2
[13.180s] Invoked command in '/home/asd/ros2_ws/build/input_numbers' returned '2': AMENT_PREFIX_PATH=/home/asd/ros2_ws/install/my_package:${AMENT_PREFIX_PATH} CMAKE_PREFIX_PATH=/home/asd/ros2_ws/install/my_package LD_LIBRARY_PATH=/home/asd/ros2_ws/install/my_package/lib:${LD_LIBRARY_PATH} PYTHONPATH=/home/asd/ros2_ws/install/my_package/lib/python3.10/site-packages:${PYTHONPATH} /usr/bin/cmake --build /home/asd/ros2_ws/build/input_numbers -- -j4 -l4
