[35m[1mConsolidate compiler generated dependencies of target server[0m
[ 50%] Built target client
[ 75%] [32mBuilding CXX object CMakeFiles/server.dir/src/fl_div_server.cpp.o[0m
[01m[K/home/asd/ros2_ws/src/fl_div/src/fl_div_server.cpp:[m[K In function â€˜[01m[Kvoid add(std::shared_ptr<my_package::srv::AddTwoInts2_Request_<std::allocator<void> > >, std::shared_ptr<my_package::srv::AddTwoInts2_Response_<std::allocator<void> > >)[m[Kâ€™:
[01m[K/home/asd/ros2_ws/src/fl_div/src/fl_div_server.cpp:19:5:[m[K [01;31m[Kerror: [m[Kâ€˜[01m[Kpublisher[m[Kâ€™ was not declared in this scope
   19 |     [01;31m[Kpublisher[m[K->publish(*message); // MielÅ‘tt ezt hasznÃ¡lod, meg kell gyÅ‘zÅ‘dnÃ¶d arrÃ³l, hogy a publisher vÃ¡ltozÃ³ megfelelÅ‘en elÃ©rhetÅ‘
      |     [01;31m[K^~~~~~~~~[m[K
[01m[K/home/asd/ros2_ws/src/fl_div/src/fl_div_server.cpp:[m[K In function â€˜[01m[Kint main(int, char**)[m[Kâ€™:
[01m[K/home/asd/ros2_ws/src/fl_div/src/fl_div_server.cpp:30:58:[m[K [01;31m[Kerror: [m[Kâ€˜[01m[KAddTw[m[Kâ€™ is not a member of â€˜[01m[Kmy_package::srv[m[Kâ€™
   30 |     auto service = node->create_service<my_package::srv::[01;31m[KAddTw[m[K
      |                                                          [01;31m[K^~~~~[m[K
[01m[K/home/asd/ros2_ws/src/fl_div/src/fl_div_server.cpp:30:26:[m[K [01;31m[Kerror: [m[Kparse error in template argument list
   30 |     auto service = node->[01;31m[Kcreate_service<my_package::srv::AddTw[m[K
      |                          [01;31m[K^~~~~~~~~~~~~~~~~~~~~~~~~~~~~~~~~~~~~[m[K
[01m[K/home/asd/ros2_ws/src/fl_div/src/fl_div_server.cpp:30:26:[m[K [01;31m[Kerror: [m[Kunable to deduce â€˜[01m[Kauto[m[Kâ€™ from â€˜[01m[K((std::__shared_ptr_access<rclcpp::Node, __gnu_cxx::_S_atomic, false, false>*)(& node))->std::__shared_ptr_access<rclcpp::Node, __gnu_cxx::_S_atomic, false, false>::operator->()->create_service<<expression error> >[m[Kâ€™
[01m[K/home/asd/ros2_ws/src/fl_div/src/fl_div_server.cpp:30:26:[m[K [01;36m[Knote: [m[K  couldnâ€™t deduce template parameter â€˜[01m[Kauto[m[Kâ€™
[01m[K/home/asd/ros2_ws/src/fl_div/src/fl_div_server.cpp:30:63:[m[K [01;31m[Kerror: [m[Kexpected â€˜[01m[K,[m[Kâ€™ or â€˜[01m[K;[m[Kâ€™ at end of input
   30 |     auto service = node->create_service<my_package::srv::AddTw
      |                                                               [01;31m[K^[m[K
[01m[K/home/asd/ros2_ws/src/fl_div/src/fl_div_server.cpp:30:63:[m[K [01;31m[Kerror: [m[Kexpected â€˜[01m[K}[m[Kâ€™ at end of input
[01m[K/home/asd/ros2_ws/src/fl_div/src/fl_div_server.cpp:23:1:[m[K [01;36m[Knote: [m[Kto match this â€˜[01m[K{[m[Kâ€™
   23 | [01;36m[K{[m[K
      | [01;36m[K^[m[K
gmake[2]: *** [CMakeFiles/server.dir/build.make:76: CMakeFiles/server.dir/src/fl_div_server.cpp.o] Error 1
gmake[1]: *** [CMakeFiles/Makefile2:139: CMakeFiles/server.dir/all] Error 2
gmake: *** [Makefile:146: all] Error 2
