[01m[K/home/asd/ros2_ws/src/fl_div/src/fl_div_server.cpp:[m[K In function â€˜[01m[Kvoid add(std::shared_ptr<my_package::srv::AddTwoInts2_Request_<std::allocator<void> > >, std::shared_ptr<my_package::srv::AddTwoInts2_Response_<std::allocator<void> > >)[m[Kâ€™:
[01m[K/home/asd/ros2_ws/src/fl_div/src/fl_div_server.cpp:20:22:[m[K [01;31m[Kerror: [m[Kâ€˜[01m[Knode[m[Kâ€™ was not declared in this scope
   20 |     auto publisher = [01;31m[Knode[m[K->create_publisher<std_msgs::msg::Float64>("division_result", 10);
      |                      [01;31m[K^~~~[m[K
[01m[K/home/asd/ros2_ws/src/fl_div/src/fl_div_server.cpp:20:67:[m[K [01;31m[Kerror: [m[Kexpected primary-expression before â€˜[01m[K>[m[Kâ€™ token
   20 | to publisher = node->create_publisher<std_msgs::msg::Float64[01;31m[K>[m[K("division_result", 10);
      |                                                             [01;31m[K^[m[K

[01m[K/home/asd/ros2_ws/src/fl_div/src/fl_div_server.cpp:22:5:[m[K [01;31m[Kerror: [m[Kâ€˜[01m[Kresult_msg[m[Kâ€™ was not declared in this scope
   22 |     [01;31m[Kresult_msg[m[K->data = response->sum;
      |     [01;31m[K^~~~~~~~~~[m[K
gmake[2]: *** [CMakeFiles/server.dir/build.make:76: CMakeFiles/server.dir/src/fl_div_server.cpp.o] Error 1
gmake[1]: *** [CMakeFiles/Makefile2:139: CMakeFiles/server.dir/all] Error 2
gmake: *** [Makefile:146: all] Error 2
