[0.045s] Invoking command in '/home/asd/ros2_ws/build/fl_div': AMENT_PREFIX_PATH=/home/asd/ros2_ws/install/my_package:${AMENT_PREFIX_PATH} CMAKE_PREFIX_PATH=/home/asd/ros2_ws/install/my_package:/opt/ros/iron LD_LIBRARY_PATH=/home/asd/ros2_ws/install/my_package/lib:${LD_LIBRARY_PATH} PYTHONPATH=/home/asd/ros2_ws/install/my_package/lib/python3.10/site-packages:${PYTHONPATH} /usr/bin/cmake --build /home/asd/ros2_ws/build/fl_div -- -j4 -l4
[0.205s] [35m[1mConsolidate compiler generated dependencies of target server[0m
[0.277s] [ 50%] Built target client
[0.302s] [ 75%] [32mBuilding CXX object CMakeFiles/server.dir/src/fl_div_server.cpp.o[0m
[9.661s] [01m[K/home/asd/ros2_ws/src/fl_div/src/fl_div_server.cpp:[m[K In function â€˜[01m[Kvoid add(std::shared_ptr<my_package::srv::AddTwoInts2_Request_<std::allocator<void> > >, std::shared_ptr<my_package::srv::AddTwoInts2_Response_<std::allocator<void> > >)[m[Kâ€™:
[9.661s] [01m[K/home/asd/ros2_ws/src/fl_div/src/fl_div_server.cpp:20:22:[m[K [01;31m[Kerror: [m[Kâ€˜[01m[Knode[m[Kâ€™ was not declared in this scope
[9.662s]    20 |     auto publisher = [01;31m[Knode[m[K->create_publisher<std_msgs::msg::Float64>("division_result", 10);
[9.662s]       |                      [01;31m[K^~~~[m[K
[9.662s] [01m[K/home/asd/ros2_ws/src/fl_div/src/fl_div_server.cpp:20:67:[m[K [01;31m[Kerror: [m[Kexpected primary-expression before â€˜[01m[K>[m[Kâ€™ token
[9.663s]    20 | to publisher = node->create_publisher<std_msgs::msg::Float64[01;31m[K>[m[K("division_result", 10);
[9.663s]       |                                                             [01;31m[K^[m[K
[9.663s] 
[9.675s] [01m[K/home/asd/ros2_ws/src/fl_div/src/fl_div_server.cpp:22:5:[m[K [01;31m[Kerror: [m[Kâ€˜[01m[Kresult_msg[m[Kâ€™ was not declared in this scope
[9.675s]    22 |     [01;31m[Kresult_msg[m[K->data = response->sum;
[9.675s]       |     [01;31m[K^~~~~~~~~~[m[K
[12.906s] gmake[2]: *** [CMakeFiles/server.dir/build.make:76: CMakeFiles/server.dir/src/fl_div_server.cpp.o] Error 1
[12.907s] gmake[1]: *** [CMakeFiles/Makefile2:139: CMakeFiles/server.dir/all] Error 2
[12.908s] gmake: *** [Makefile:146: all] Error 2
[12.913s] Invoked command in '/home/asd/ros2_ws/build/fl_div' returned '2': AMENT_PREFIX_PATH=/home/asd/ros2_ws/install/my_package:${AMENT_PREFIX_PATH} CMAKE_PREFIX_PATH=/home/asd/ros2_ws/install/my_package:/opt/ros/iron LD_LIBRARY_PATH=/home/asd/ros2_ws/install/my_package/lib:${LD_LIBRARY_PATH} PYTHONPATH=/home/asd/ros2_ws/install/my_package/lib/python3.10/site-packages:${PYTHONPATH} /usr/bin/cmake --build /home/asd/ros2_ws/build/fl_div -- -j4 -l4
